#-----------------------------------------------------------
# Vivado v2015.2 (64-bit)
# SW Build 1266856 on Fri Jun 26 16:35:25 MDT 2015
# IP Build 1264090 on Wed Jun 24 14:22:01 MDT 2015
# Start of session at: Sat Aug 29 13:41:48 2015
# Process ID: 7916
# Log file: C:/Users/mskreen.NI/OneDrive/School/EE 324/StopWatch_with_ReactionTimer/vivado.log
# Journal file: C:/Users/mskreen.NI/OneDrive/School/EE 324/StopWatch_with_ReactionTimer\vivado.jou
#-----------------------------------------------------------
start_gui
open_project {C:/Users/mskreen.NI/OneDrive/School/EE 324/StopWatch_with_ReactionTimer/StopWatch_with_ReactionTimer.xpr}
Scanning sources...
Finished scanning sources
INFO: [IP_Flow 19-234] Refreshing IP repositories
INFO: [IP_Flow 19-1704] No user IP repositories specified
INFO: [IP_Flow 19-2313] Loaded Vivado IP repository 'C:/Xilinx/Vivado/2015.2/data/ip'.
update_compile_order -fileset sources_1
reset_run synth_1
launch_runs impl_1 -to_step write_bitstream -jobs 4
[Sat Aug 29 14:19:41 2015] Launched synth_1...
Run output will be captured here: C:/Users/mskreen.NI/OneDrive/School/EE 324/StopWatch_with_ReactionTimer/StopWatch_with_ReactionTimer.runs/synth_1/runme.log
[Sat Aug 29 14:19:41 2015] Launched impl_1...
Run output will be captured here: C:/Users/mskreen.NI/OneDrive/School/EE 324/StopWatch_with_ReactionTimer/StopWatch_with_ReactionTimer.runs/impl_1/runme.log
reset_run synth_1
launch_runs impl_1 -to_step write_bitstream -jobs 4
[Sat Aug 29 14:21:36 2015] Launched synth_1...
Run output will be captured here: C:/Users/mskreen.NI/OneDrive/School/EE 324/StopWatch_with_ReactionTimer/StopWatch_with_ReactionTimer.runs/synth_1/runme.log
[Sat Aug 29 14:21:36 2015] Launched impl_1...
Run output will be captured here: C:/Users/mskreen.NI/OneDrive/School/EE 324/StopWatch_with_ReactionTimer/StopWatch_with_ReactionTimer.runs/impl_1/runme.log
reset_run synth_1
launch_runs impl_1 -to_step write_bitstream -jobs 4
[Sat Aug 29 14:39:37 2015] Launched synth_1...
Run output will be captured here: C:/Users/mskreen.NI/OneDrive/School/EE 324/StopWatch_with_ReactionTimer/StopWatch_with_ReactionTimer.runs/synth_1/runme.log
[Sat Aug 29 14:39:37 2015] Launched impl_1...
Run output will be captured here: C:/Users/mskreen.NI/OneDrive/School/EE 324/StopWatch_with_ReactionTimer/StopWatch_with_ReactionTimer.runs/impl_1/runme.log
reset_run synth_1
launch_runs impl_1 -to_step write_bitstream -jobs 4
[Sat Aug 29 14:41:32 2015] Launched synth_1...
Run output will be captured here: C:/Users/mskreen.NI/OneDrive/School/EE 324/StopWatch_with_ReactionTimer/StopWatch_with_ReactionTimer.runs/synth_1/runme.log
[Sat Aug 29 14:41:32 2015] Launched impl_1...
Run output will be captured here: C:/Users/mskreen.NI/OneDrive/School/EE 324/StopWatch_with_ReactionTimer/StopWatch_with_ReactionTimer.runs/impl_1/runme.log
reset_run synth_1
launch_runs impl_1 -to_step write_bitstream -jobs 4
[Sat Aug 29 14:45:27 2015] Launched synth_1...
Run output will be captured here: C:/Users/mskreen.NI/OneDrive/School/EE 324/StopWatch_with_ReactionTimer/StopWatch_with_ReactionTimer.runs/synth_1/runme.log
[Sat Aug 29 14:45:27 2015] Launched impl_1...
Run output will be captured here: C:/Users/mskreen.NI/OneDrive/School/EE 324/StopWatch_with_ReactionTimer/StopWatch_with_ReactionTimer.runs/impl_1/runme.log
reset_run synth_1
launch_runs impl_1 -to_step write_bitstream -jobs 4
[Sat Aug 29 14:46:12 2015] Launched synth_1...
Run output will be captured here: C:/Users/mskreen.NI/OneDrive/School/EE 324/StopWatch_with_ReactionTimer/StopWatch_with_ReactionTimer.runs/synth_1/runme.log
[Sat Aug 29 14:46:12 2015] Launched impl_1...
Run output will be captured here: C:/Users/mskreen.NI/OneDrive/School/EE 324/StopWatch_with_ReactionTimer/StopWatch_with_ReactionTimer.runs/impl_1/runme.log
reset_run synth_1
launch_runs impl_1 -to_step write_bitstream -jobs 4
[Sat Aug 29 14:49:47 2015] Launched synth_1...
Run output will be captured here: C:/Users/mskreen.NI/OneDrive/School/EE 324/StopWatch_with_ReactionTimer/StopWatch_with_ReactionTimer.runs/synth_1/runme.log
[Sat Aug 29 14:49:47 2015] Launched impl_1...
Run output will be captured here: C:/Users/mskreen.NI/OneDrive/School/EE 324/StopWatch_with_ReactionTimer/StopWatch_with_ReactionTimer.runs/impl_1/runme.log
reset_run synth_1
launch_runs impl_1 -to_step write_bitstream -jobs 4
[Sat Aug 29 14:51:13 2015] Launched synth_1...
Run output will be captured here: C:/Users/mskreen.NI/OneDrive/School/EE 324/StopWatch_with_ReactionTimer/StopWatch_with_ReactionTimer.runs/synth_1/runme.log
[Sat Aug 29 14:51:13 2015] Launched impl_1...
Run output will be captured here: C:/Users/mskreen.NI/OneDrive/School/EE 324/StopWatch_with_ReactionTimer/StopWatch_with_ReactionTimer.runs/impl_1/runme.log
reset_run synth_1
launch_runs impl_1 -to_step write_bitstream -jobs 4
[Sat Aug 29 14:53:11 2015] Launched synth_1...
Run output will be captured here: C:/Users/mskreen.NI/OneDrive/School/EE 324/StopWatch_with_ReactionTimer/StopWatch_with_ReactionTimer.runs/synth_1/runme.log
[Sat Aug 29 14:53:11 2015] Launched impl_1...
Run output will be captured here: C:/Users/mskreen.NI/OneDrive/School/EE 324/StopWatch_with_ReactionTimer/StopWatch_with_ReactionTimer.runs/impl_1/runme.log
reset_run synth_1
launch_runs impl_1 -to_step write_bitstream -jobs 4
[Sat Aug 29 14:59:33 2015] Launched synth_1...
Run output will be captured here: C:/Users/mskreen.NI/OneDrive/School/EE 324/StopWatch_with_ReactionTimer/StopWatch_with_ReactionTimer.runs/synth_1/runme.log
[Sat Aug 29 14:59:33 2015] Launched impl_1...
Run output will be captured here: C:/Users/mskreen.NI/OneDrive/School/EE 324/StopWatch_with_ReactionTimer/StopWatch_with_ReactionTimer.runs/impl_1/runme.log
reset_run synth_1
launch_runs impl_1 -to_step write_bitstream -jobs 4
[Sat Aug 29 15:01:20 2015] Launched synth_1...
Run output will be captured here: C:/Users/mskreen.NI/OneDrive/School/EE 324/StopWatch_with_ReactionTimer/StopWatch_with_ReactionTimer.runs/synth_1/runme.log
[Sat Aug 29 15:01:20 2015] Launched impl_1...
Run output will be captured here: C:/Users/mskreen.NI/OneDrive/School/EE 324/StopWatch_with_ReactionTimer/StopWatch_with_ReactionTimer.runs/impl_1/runme.log
reset_run synth_1
launch_runs impl_1 -to_step write_bitstream -jobs 4
[Sat Aug 29 15:05:02 2015] Launched synth_1...
Run output will be captured here: C:/Users/mskreen.NI/OneDrive/School/EE 324/StopWatch_with_ReactionTimer/StopWatch_with_ReactionTimer.runs/synth_1/runme.log
[Sat Aug 29 15:05:02 2015] Launched impl_1...
Run output will be captured here: C:/Users/mskreen.NI/OneDrive/School/EE 324/StopWatch_with_ReactionTimer/StopWatch_with_ReactionTimer.runs/impl_1/runme.log
reset_run synth_1
launch_runs impl_1 -to_step write_bitstream -jobs 4
[Sat Aug 29 15:06:26 2015] Launched synth_1...
Run output will be captured here: C:/Users/mskreen.NI/OneDrive/School/EE 324/StopWatch_with_ReactionTimer/StopWatch_with_ReactionTimer.runs/synth_1/runme.log
[Sat Aug 29 15:06:26 2015] Launched impl_1...
Run output will be captured here: C:/Users/mskreen.NI/OneDrive/School/EE 324/StopWatch_with_ReactionTimer/StopWatch_with_ReactionTimer.runs/impl_1/runme.log
