#-----------------------------------------------------------
# Vivado v2015.2 (64-bit)
# SW Build 1266856 on Fri Jun 26 16:35:25 MDT 2015
# IP Build 1264090 on Wed Jun 24 14:22:01 MDT 2015
# Start of session at: Sat Aug 29 15:21:29 2015
# Process ID: 5984
# Log file: C:/Users/mskreen.NI/OneDrive/School/EE 324/StopWatch_with_ReactionTimer/vivado.log
# Journal file: C:/Users/mskreen.NI/OneDrive/School/EE 324/StopWatch_with_ReactionTimer\vivado.jou
#-----------------------------------------------------------
start_gui
open_project {C:/Users/mskreen.NI/OneDrive/School/EE 324/StopWatch_with_ReactionTimer/StopWatch_with_ReactionTimer.xpr}
Scanning sources...
Finished scanning sources
INFO: [IP_Flow 19-234] Refreshing IP repositories
INFO: [IP_Flow 19-1704] No user IP repositories specified
INFO: [IP_Flow 19-2313] Loaded Vivado IP repository 'C:/Xilinx/Vivado/2015.2/data/ip'.
reset_run synth_1
launch_runs impl_1 -to_step write_bitstream -jobs 4
[Sat Aug 29 15:23:44 2015] Launched synth_1...
Run output will be captured here: C:/Users/mskreen.NI/OneDrive/School/EE 324/StopWatch_with_ReactionTimer/StopWatch_with_ReactionTimer.runs/synth_1/runme.log
[Sat Aug 29 15:23:44 2015] Launched impl_1...
Run output will be captured here: C:/Users/mskreen.NI/OneDrive/School/EE 324/StopWatch_with_ReactionTimer/StopWatch_with_ReactionTimer.runs/impl_1/runme.log
reset_run synth_1
launch_runs impl_1 -to_step write_bitstream -jobs 4
[Sat Aug 29 15:25:18 2015] Launched synth_1...
Run output will be captured here: C:/Users/mskreen.NI/OneDrive/School/EE 324/StopWatch_with_ReactionTimer/StopWatch_with_ReactionTimer.runs/synth_1/runme.log
[Sat Aug 29 15:25:18 2015] Launched impl_1...
Run output will be captured here: C:/Users/mskreen.NI/OneDrive/School/EE 324/StopWatch_with_ReactionTimer/StopWatch_with_ReactionTimer.runs/impl_1/runme.log
reset_run synth_1
launch_runs impl_1 -to_step write_bitstream -jobs 4
[Sat Aug 29 15:27:16 2015] Launched synth_1...
Run output will be captured here: C:/Users/mskreen.NI/OneDrive/School/EE 324/StopWatch_with_ReactionTimer/StopWatch_with_ReactionTimer.runs/synth_1/runme.log
[Sat Aug 29 15:27:16 2015] Launched impl_1...
Run output will be captured here: C:/Users/mskreen.NI/OneDrive/School/EE 324/StopWatch_with_ReactionTimer/StopWatch_with_ReactionTimer.runs/impl_1/runme.log
reset_run synth_1
launch_runs impl_1 -to_step write_bitstream -jobs 4
[Sat Aug 29 15:29:00 2015] Launched synth_1...
Run output will be captured here: C:/Users/mskreen.NI/OneDrive/School/EE 324/StopWatch_with_ReactionTimer/StopWatch_with_ReactionTimer.runs/synth_1/runme.log
[Sat Aug 29 15:29:00 2015] Launched impl_1...
Run output will be captured here: C:/Users/mskreen.NI/OneDrive/School/EE 324/StopWatch_with_ReactionTimer/StopWatch_with_ReactionTimer.runs/impl_1/runme.log
reset_run synth_1
launch_runs impl_1 -to_step write_bitstream -jobs 4
[Sat Aug 29 15:36:47 2015] Launched synth_1...
Run output will be captured here: C:/Users/mskreen.NI/OneDrive/School/EE 324/StopWatch_with_ReactionTimer/StopWatch_with_ReactionTimer.runs/synth_1/runme.log
[Sat Aug 29 15:36:47 2015] Launched impl_1...
Run output will be captured here: C:/Users/mskreen.NI/OneDrive/School/EE 324/StopWatch_with_ReactionTimer/StopWatch_with_ReactionTimer.runs/impl_1/runme.log
reset_run synth_1
launch_runs impl_1 -to_step write_bitstream -jobs 4
[Sat Aug 29 15:42:50 2015] Launched synth_1...
Run output will be captured here: C:/Users/mskreen.NI/OneDrive/School/EE 324/StopWatch_with_ReactionTimer/StopWatch_with_ReactionTimer.runs/synth_1/runme.log
[Sat Aug 29 15:42:50 2015] Launched impl_1...
Run output will be captured here: C:/Users/mskreen.NI/OneDrive/School/EE 324/StopWatch_with_ReactionTimer/StopWatch_with_ReactionTimer.runs/impl_1/runme.log
reset_run synth_1
launch_runs impl_1 -to_step write_bitstream -jobs 4
[Sat Aug 29 15:43:19 2015] Launched synth_1...
Run output will be captured here: C:/Users/mskreen.NI/OneDrive/School/EE 324/StopWatch_with_ReactionTimer/StopWatch_with_ReactionTimer.runs/synth_1/runme.log
[Sat Aug 29 15:43:19 2015] Launched impl_1...
Run output will be captured here: C:/Users/mskreen.NI/OneDrive/School/EE 324/StopWatch_with_ReactionTimer/StopWatch_with_ReactionTimer.runs/impl_1/runme.log
reset_run synth_1
launch_runs impl_1 -to_step write_bitstream -jobs 4
[Sat Aug 29 15:45:25 2015] Launched synth_1...
Run output will be captured here: C:/Users/mskreen.NI/OneDrive/School/EE 324/StopWatch_with_ReactionTimer/StopWatch_with_ReactionTimer.runs/synth_1/runme.log
[Sat Aug 29 15:45:25 2015] Launched impl_1...
Run output will be captured here: C:/Users/mskreen.NI/OneDrive/School/EE 324/StopWatch_with_ReactionTimer/StopWatch_with_ReactionTimer.runs/impl_1/runme.log
reset_run synth_1
launch_runs impl_1 -to_step write_bitstream -jobs 4
[Sat Aug 29 15:46:48 2015] Launched synth_1...
Run output will be captured here: C:/Users/mskreen.NI/OneDrive/School/EE 324/StopWatch_with_ReactionTimer/StopWatch_with_ReactionTimer.runs/synth_1/runme.log
[Sat Aug 29 15:46:48 2015] Launched impl_1...
Run output will be captured here: C:/Users/mskreen.NI/OneDrive/School/EE 324/StopWatch_with_ReactionTimer/StopWatch_with_ReactionTimer.runs/impl_1/runme.log
update_compile_order -fileset sources_1
reset_run synth_1
launch_runs impl_1 -to_step write_bitstream -jobs 4
[Sat Aug 29 16:02:57 2015] Launched synth_1...
Run output will be captured here: C:/Users/mskreen.NI/OneDrive/School/EE 324/StopWatch_with_ReactionTimer/StopWatch_with_ReactionTimer.runs/synth_1/runme.log
[Sat Aug 29 16:02:57 2015] Launched impl_1...
Run output will be captured here: C:/Users/mskreen.NI/OneDrive/School/EE 324/StopWatch_with_ReactionTimer/StopWatch_with_ReactionTimer.runs/impl_1/runme.log
reset_run synth_1
launch_runs impl_1 -to_step write_bitstream -jobs 4
[Sat Aug 29 16:03:33 2015] Launched synth_1...
Run output will be captured here: C:/Users/mskreen.NI/OneDrive/School/EE 324/StopWatch_with_ReactionTimer/StopWatch_with_ReactionTimer.runs/synth_1/runme.log
[Sat Aug 29 16:03:33 2015] Launched impl_1...
Run output will be captured here: C:/Users/mskreen.NI/OneDrive/School/EE 324/StopWatch_with_ReactionTimer/StopWatch_with_ReactionTimer.runs/impl_1/runme.log
reset_run synth_1
launch_runs impl_1 -to_step write_bitstream -jobs 4
[Sat Aug 29 16:04:16 2015] Launched synth_1...
Run output will be captured here: C:/Users/mskreen.NI/OneDrive/School/EE 324/StopWatch_with_ReactionTimer/StopWatch_with_ReactionTimer.runs/synth_1/runme.log
[Sat Aug 29 16:04:16 2015] Launched impl_1...
Run output will be captured here: C:/Users/mskreen.NI/OneDrive/School/EE 324/StopWatch_with_ReactionTimer/StopWatch_with_ReactionTimer.runs/impl_1/runme.log
reset_run synth_1
launch_runs impl_1 -to_step write_bitstream -jobs 4
[Sat Aug 29 16:08:56 2015] Launched synth_1...
Run output will be captured here: C:/Users/mskreen.NI/OneDrive/School/EE 324/StopWatch_with_ReactionTimer/StopWatch_with_ReactionTimer.runs/synth_1/runme.log
[Sat Aug 29 16:08:56 2015] Launched impl_1...
Run output will be captured here: C:/Users/mskreen.NI/OneDrive/School/EE 324/StopWatch_with_ReactionTimer/StopWatch_with_ReactionTimer.runs/impl_1/runme.log
reset_run synth_1
launch_runs impl_1 -to_step write_bitstream -jobs 4
[Sat Aug 29 16:15:32 2015] Launched synth_1...
Run output will be captured here: C:/Users/mskreen.NI/OneDrive/School/EE 324/StopWatch_with_ReactionTimer/StopWatch_with_ReactionTimer.runs/synth_1/runme.log
[Sat Aug 29 16:15:32 2015] Launched impl_1...
Run output will be captured here: C:/Users/mskreen.NI/OneDrive/School/EE 324/StopWatch_with_ReactionTimer/StopWatch_with_ReactionTimer.runs/impl_1/runme.log
reset_run synth_1
launch_runs impl_1 -to_step write_bitstream -jobs 4
[Sat Aug 29 16:19:17 2015] Launched synth_1...
Run output will be captured here: C:/Users/mskreen.NI/OneDrive/School/EE 324/StopWatch_with_ReactionTimer/StopWatch_with_ReactionTimer.runs/synth_1/runme.log
[Sat Aug 29 16:19:17 2015] Launched impl_1...
Run output will be captured here: C:/Users/mskreen.NI/OneDrive/School/EE 324/StopWatch_with_ReactionTimer/StopWatch_with_ReactionTimer.runs/impl_1/runme.log
reset_run synth_1
launch_runs impl_1 -to_step write_bitstream -jobs 4
[Sat Aug 29 16:23:37 2015] Launched synth_1...
Run output will be captured here: C:/Users/mskreen.NI/OneDrive/School/EE 324/StopWatch_with_ReactionTimer/StopWatch_with_ReactionTimer.runs/synth_1/runme.log
[Sat Aug 29 16:23:37 2015] Launched impl_1...
Run output will be captured here: C:/Users/mskreen.NI/OneDrive/School/EE 324/StopWatch_with_ReactionTimer/StopWatch_with_ReactionTimer.runs/impl_1/runme.log
reset_run synth_1
launch_runs impl_1 -to_step write_bitstream -jobs 4
[Sat Aug 29 16:24:07 2015] Launched synth_1...
Run output will be captured here: C:/Users/mskreen.NI/OneDrive/School/EE 324/StopWatch_with_ReactionTimer/StopWatch_with_ReactionTimer.runs/synth_1/runme.log
[Sat Aug 29 16:24:07 2015] Launched impl_1...
Run output will be captured here: C:/Users/mskreen.NI/OneDrive/School/EE 324/StopWatch_with_ReactionTimer/StopWatch_with_ReactionTimer.runs/impl_1/runme.log
reset_run synth_1
launch_runs impl_1 -to_step write_bitstream -jobs 4
[Sat Aug 29 16:26:31 2015] Launched synth_1...
Run output will be captured here: C:/Users/mskreen.NI/OneDrive/School/EE 324/StopWatch_with_ReactionTimer/StopWatch_with_ReactionTimer.runs/synth_1/runme.log
[Sat Aug 29 16:26:31 2015] Launched impl_1...
Run output will be captured here: C:/Users/mskreen.NI/OneDrive/School/EE 324/StopWatch_with_ReactionTimer/StopWatch_with_ReactionTimer.runs/impl_1/runme.log
reset_run synth_1
launch_runs impl_1 -to_step write_bitstream -jobs 4
[Sat Aug 29 16:33:19 2015] Launched synth_1...
Run output will be captured here: C:/Users/mskreen.NI/OneDrive/School/EE 324/StopWatch_with_ReactionTimer/StopWatch_with_ReactionTimer.runs/synth_1/runme.log
[Sat Aug 29 16:33:19 2015] Launched impl_1...
Run output will be captured here: C:/Users/mskreen.NI/OneDrive/School/EE 324/StopWatch_with_ReactionTimer/StopWatch_with_ReactionTimer.runs/impl_1/runme.log
reset_run synth_1
launch_runs impl_1 -to_step write_bitstream -jobs 4
[Sat Aug 29 16:33:50 2015] Launched synth_1...
Run output will be captured here: C:/Users/mskreen.NI/OneDrive/School/EE 324/StopWatch_with_ReactionTimer/StopWatch_with_ReactionTimer.runs/synth_1/runme.log
[Sat Aug 29 16:33:50 2015] Launched impl_1...
Run output will be captured here: C:/Users/mskreen.NI/OneDrive/School/EE 324/StopWatch_with_ReactionTimer/StopWatch_with_ReactionTimer.runs/impl_1/runme.log
reset_run synth_1
launch_runs impl_1 -to_step write_bitstream -jobs 4
[Sat Aug 29 16:38:36 2015] Launched synth_1...
Run output will be captured here: C:/Users/mskreen.NI/OneDrive/School/EE 324/StopWatch_with_ReactionTimer/StopWatch_with_ReactionTimer.runs/synth_1/runme.log
[Sat Aug 29 16:38:36 2015] Launched impl_1...
Run output will be captured here: C:/Users/mskreen.NI/OneDrive/School/EE 324/StopWatch_with_ReactionTimer/StopWatch_with_ReactionTimer.runs/impl_1/runme.log
update_compile_order -fileset sources_1
update_compile_order -fileset sources_1
update_compile_order -fileset sim_1
update_compile_order -fileset sources_1
reset_run synth_1
launch_runs impl_1 -to_step write_bitstream -jobs 4
[Sat Aug 29 16:42:31 2015] Launched synth_1...
Run output will be captured here: C:/Users/mskreen.NI/OneDrive/School/EE 324/StopWatch_with_ReactionTimer/StopWatch_with_ReactionTimer.runs/synth_1/runme.log
[Sat Aug 29 16:42:31 2015] Launched impl_1...
Run output will be captured here: C:/Users/mskreen.NI/OneDrive/School/EE 324/StopWatch_with_ReactionTimer/StopWatch_with_ReactionTimer.runs/impl_1/runme.log
update_compile_order -fileset sources_1
update_compile_order -fileset sim_1
update_compile_order -fileset sources_1
reset_run synth_1
launch_runs impl_1 -to_step write_bitstream -jobs 4
[Sat Aug 29 16:44:04 2015] Launched synth_1...
Run output will be captured here: C:/Users/mskreen.NI/OneDrive/School/EE 324/StopWatch_with_ReactionTimer/StopWatch_with_ReactionTimer.runs/synth_1/runme.log
[Sat Aug 29 16:44:04 2015] Launched impl_1...
Run output will be captured here: C:/Users/mskreen.NI/OneDrive/School/EE 324/StopWatch_with_ReactionTimer/StopWatch_with_ReactionTimer.runs/impl_1/runme.log
reset_run synth_1
launch_runs impl_1 -to_step write_bitstream -jobs 4
[Sat Aug 29 16:47:07 2015] Launched synth_1...
Run output will be captured here: C:/Users/mskreen.NI/OneDrive/School/EE 324/StopWatch_with_ReactionTimer/StopWatch_with_ReactionTimer.runs/synth_1/runme.log
[Sat Aug 29 16:47:07 2015] Launched impl_1...
Run output will be captured here: C:/Users/mskreen.NI/OneDrive/School/EE 324/StopWatch_with_ReactionTimer/StopWatch_with_ReactionTimer.runs/impl_1/runme.log
reset_run synth_1
launch_runs impl_1 -to_step write_bitstream -jobs 4
[Sat Aug 29 16:50:57 2015] Launched synth_1...
Run output will be captured here: C:/Users/mskreen.NI/OneDrive/School/EE 324/StopWatch_with_ReactionTimer/StopWatch_with_ReactionTimer.runs/synth_1/runme.log
[Sat Aug 29 16:50:57 2015] Launched impl_1...
Run output will be captured here: C:/Users/mskreen.NI/OneDrive/School/EE 324/StopWatch_with_ReactionTimer/StopWatch_with_ReactionTimer.runs/impl_1/runme.log
reset_run synth_1
launch_runs impl_1 -to_step write_bitstream -jobs 4
[Sat Aug 29 16:54:40 2015] Launched synth_1...
Run output will be captured here: C:/Users/mskreen.NI/OneDrive/School/EE 324/StopWatch_with_ReactionTimer/StopWatch_with_ReactionTimer.runs/synth_1/runme.log
[Sat Aug 29 16:54:40 2015] Launched impl_1...
Run output will be captured here: C:/Users/mskreen.NI/OneDrive/School/EE 324/StopWatch_with_ReactionTimer/StopWatch_with_ReactionTimer.runs/impl_1/runme.log
reset_run synth_1
launch_runs impl_1 -to_step write_bitstream -jobs 4
[Sat Aug 29 16:58:06 2015] Launched synth_1...
Run output will be captured here: C:/Users/mskreen.NI/OneDrive/School/EE 324/StopWatch_with_ReactionTimer/StopWatch_with_ReactionTimer.runs/synth_1/runme.log
[Sat Aug 29 16:58:06 2015] Launched impl_1...
Run output will be captured here: C:/Users/mskreen.NI/OneDrive/School/EE 324/StopWatch_with_ReactionTimer/StopWatch_with_ReactionTimer.runs/impl_1/runme.log
reset_run synth_1
launch_runs impl_1 -to_step write_bitstream -jobs 4
[Sat Aug 29 17:01:30 2015] Launched synth_1...
Run output will be captured here: C:/Users/mskreen.NI/OneDrive/School/EE 324/StopWatch_with_ReactionTimer/StopWatch_with_ReactionTimer.runs/synth_1/runme.log
[Sat Aug 29 17:01:30 2015] Launched impl_1...
Run output will be captured here: C:/Users/mskreen.NI/OneDrive/School/EE 324/StopWatch_with_ReactionTimer/StopWatch_with_ReactionTimer.runs/impl_1/runme.log
reset_run synth_1
launch_runs impl_1 -to_step write_bitstream -jobs 4
[Sat Aug 29 17:04:55 2015] Launched synth_1...
Run output will be captured here: C:/Users/mskreen.NI/OneDrive/School/EE 324/StopWatch_with_ReactionTimer/StopWatch_with_ReactionTimer.runs/synth_1/runme.log
[Sat Aug 29 17:04:55 2015] Launched impl_1...
Run output will be captured here: C:/Users/mskreen.NI/OneDrive/School/EE 324/StopWatch_with_ReactionTimer/StopWatch_with_ReactionTimer.runs/impl_1/runme.log
reset_run synth_1
launch_runs impl_1 -to_step write_bitstream -jobs 4
[Sat Aug 29 17:06:00 2015] Launched synth_1...
Run output will be captured here: C:/Users/mskreen.NI/OneDrive/School/EE 324/StopWatch_with_ReactionTimer/StopWatch_with_ReactionTimer.runs/synth_1/runme.log
[Sat Aug 29 17:06:00 2015] Launched impl_1...
Run output will be captured here: C:/Users/mskreen.NI/OneDrive/School/EE 324/StopWatch_with_ReactionTimer/StopWatch_with_ReactionTimer.runs/impl_1/runme.log
reset_run synth_1
launch_runs impl_1 -to_step write_bitstream -jobs 4
[Sun Aug 30 14:51:37 2015] Launched synth_1...
Run output will be captured here: C:/Users/mskreen.NI/OneDrive/School/EE 324/StopWatch_with_ReactionTimer/StopWatch_with_ReactionTimer.runs/synth_1/runme.log
[Sun Aug 30 14:51:37 2015] Launched impl_1...
Run output will be captured here: C:/Users/mskreen.NI/OneDrive/School/EE 324/StopWatch_with_ReactionTimer/StopWatch_with_ReactionTimer.runs/impl_1/runme.log
reset_run synth_1
launch_runs impl_1 -to_step write_bitstream -jobs 4
[Sun Aug 30 15:03:15 2015] Launched synth_1...
Run output will be captured here: C:/Users/mskreen.NI/OneDrive/School/EE 324/StopWatch_with_ReactionTimer/StopWatch_with_ReactionTimer.runs/synth_1/runme.log
[Sun Aug 30 15:03:15 2015] Launched impl_1...
Run output will be captured here: C:/Users/mskreen.NI/OneDrive/School/EE 324/StopWatch_with_ReactionTimer/StopWatch_with_ReactionTimer.runs/impl_1/runme.log
reset_run synth_1
launch_runs impl_1 -to_step write_bitstream -jobs 4
[Sun Aug 30 15:04:27 2015] Launched synth_1...
Run output will be captured here: C:/Users/mskreen.NI/OneDrive/School/EE 324/StopWatch_with_ReactionTimer/StopWatch_with_ReactionTimer.runs/synth_1/runme.log
[Sun Aug 30 15:04:27 2015] Launched impl_1...
Run output will be captured here: C:/Users/mskreen.NI/OneDrive/School/EE 324/StopWatch_with_ReactionTimer/StopWatch_with_ReactionTimer.runs/impl_1/runme.log
reset_run synth_1
launch_runs impl_1 -to_step write_bitstream -jobs 4
[Sun Aug 30 15:10:34 2015] Launched synth_1...
Run output will be captured here: C:/Users/mskreen.NI/OneDrive/School/EE 324/StopWatch_with_ReactionTimer/StopWatch_with_ReactionTimer.runs/synth_1/runme.log
[Sun Aug 30 15:10:34 2015] Launched impl_1...
Run output will be captured here: C:/Users/mskreen.NI/OneDrive/School/EE 324/StopWatch_with_ReactionTimer/StopWatch_with_ReactionTimer.runs/impl_1/runme.log
reset_run synth_1
launch_runs impl_1 -to_step write_bitstream -jobs 4
[Sun Aug 30 15:11:50 2015] Launched synth_1...
Run output will be captured here: C:/Users/mskreen.NI/OneDrive/School/EE 324/StopWatch_with_ReactionTimer/StopWatch_with_ReactionTimer.runs/synth_1/runme.log
[Sun Aug 30 15:11:50 2015] Launched impl_1...
Run output will be captured here: C:/Users/mskreen.NI/OneDrive/School/EE 324/StopWatch_with_ReactionTimer/StopWatch_with_ReactionTimer.runs/impl_1/runme.log
reset_run synth_1
launch_runs impl_1 -to_step write_bitstream -jobs 4
[Sun Aug 30 15:18:56 2015] Launched synth_1...
Run output will be captured here: C:/Users/mskreen.NI/OneDrive/School/EE 324/StopWatch_with_ReactionTimer/StopWatch_with_ReactionTimer.runs/synth_1/runme.log
[Sun Aug 30 15:18:56 2015] Launched impl_1...
Run output will be captured here: C:/Users/mskreen.NI/OneDrive/School/EE 324/StopWatch_with_ReactionTimer/StopWatch_with_ReactionTimer.runs/impl_1/runme.log
reset_run synth_1
launch_runs impl_1 -to_step write_bitstream -jobs 4
[Sun Aug 30 15:23:54 2015] Launched synth_1...
Run output will be captured here: C:/Users/mskreen.NI/OneDrive/School/EE 324/StopWatch_with_ReactionTimer/StopWatch_with_ReactionTimer.runs/synth_1/runme.log
[Sun Aug 30 15:23:54 2015] Launched impl_1...
Run output will be captured here: C:/Users/mskreen.NI/OneDrive/School/EE 324/StopWatch_with_ReactionTimer/StopWatch_with_ReactionTimer.runs/impl_1/runme.log
reset_run synth_1
launch_runs impl_1 -to_step write_bitstream -jobs 4
[Sun Aug 30 15:28:40 2015] Launched synth_1...
Run output will be captured here: C:/Users/mskreen.NI/OneDrive/School/EE 324/StopWatch_with_ReactionTimer/StopWatch_with_ReactionTimer.runs/synth_1/runme.log
[Sun Aug 30 15:28:40 2015] Launched impl_1...
Run output will be captured here: C:/Users/mskreen.NI/OneDrive/School/EE 324/StopWatch_with_ReactionTimer/StopWatch_with_ReactionTimer.runs/impl_1/runme.log
reset_run synth_1
launch_runs impl_1 -to_step write_bitstream -jobs 4
[Sun Aug 30 15:33:45 2015] Launched synth_1...
Run output will be captured here: C:/Users/mskreen.NI/OneDrive/School/EE 324/StopWatch_with_ReactionTimer/StopWatch_with_ReactionTimer.runs/synth_1/runme.log
[Sun Aug 30 15:33:45 2015] Launched impl_1...
Run output will be captured here: C:/Users/mskreen.NI/OneDrive/School/EE 324/StopWatch_with_ReactionTimer/StopWatch_with_ReactionTimer.runs/impl_1/runme.log
reset_run synth_1
launch_runs impl_1 -to_step write_bitstream -jobs 4
[Sun Aug 30 15:39:39 2015] Launched synth_1...
Run output will be captured here: C:/Users/mskreen.NI/OneDrive/School/EE 324/StopWatch_with_ReactionTimer/StopWatch_with_ReactionTimer.runs/synth_1/runme.log
[Sun Aug 30 15:39:39 2015] Launched impl_1...
Run output will be captured here: C:/Users/mskreen.NI/OneDrive/School/EE 324/StopWatch_with_ReactionTimer/StopWatch_with_ReactionTimer.runs/impl_1/runme.log
reset_run synth_1
launch_runs impl_1 -to_step write_bitstream -jobs 4
[Sun Aug 30 15:41:38 2015] Launched synth_1...
Run output will be captured here: C:/Users/mskreen.NI/OneDrive/School/EE 324/StopWatch_with_ReactionTimer/StopWatch_with_ReactionTimer.runs/synth_1/runme.log
[Sun Aug 30 15:41:38 2015] Launched impl_1...
Run output will be captured here: C:/Users/mskreen.NI/OneDrive/School/EE 324/StopWatch_with_ReactionTimer/StopWatch_with_ReactionTimer.runs/impl_1/runme.log
reset_run synth_1
launch_runs impl_1 -to_step write_bitstream -jobs 4
[Sun Aug 30 15:46:27 2015] Launched synth_1...
Run output will be captured here: C:/Users/mskreen.NI/OneDrive/School/EE 324/StopWatch_with_ReactionTimer/StopWatch_with_ReactionTimer.runs/synth_1/runme.log
[Sun Aug 30 15:46:27 2015] Launched impl_1...
Run output will be captured here: C:/Users/mskreen.NI/OneDrive/School/EE 324/StopWatch_with_ReactionTimer/StopWatch_with_ReactionTimer.runs/impl_1/runme.log
reset_run synth_1
launch_runs impl_1 -to_step write_bitstream -jobs 4
[Sun Aug 30 15:50:22 2015] Launched synth_1...
Run output will be captured here: C:/Users/mskreen.NI/OneDrive/School/EE 324/StopWatch_with_ReactionTimer/StopWatch_with_ReactionTimer.runs/synth_1/runme.log
[Sun Aug 30 15:50:22 2015] Launched impl_1...
Run output will be captured here: C:/Users/mskreen.NI/OneDrive/School/EE 324/StopWatch_with_ReactionTimer/StopWatch_with_ReactionTimer.runs/impl_1/runme.log
reset_run synth_1
launch_runs impl_1 -to_step write_bitstream -jobs 4
[Sun Aug 30 15:56:04 2015] Launched synth_1...
Run output will be captured here: C:/Users/mskreen.NI/OneDrive/School/EE 324/StopWatch_with_ReactionTimer/StopWatch_with_ReactionTimer.runs/synth_1/runme.log
[Sun Aug 30 15:56:05 2015] Launched impl_1...
Run output will be captured here: C:/Users/mskreen.NI/OneDrive/School/EE 324/StopWatch_with_ReactionTimer/StopWatch_with_ReactionTimer.runs/impl_1/runme.log
reset_run synth_1
launch_runs impl_1 -to_step write_bitstream -jobs 4
[Sun Aug 30 16:00:17 2015] Launched synth_1...
Run output will be captured here: C:/Users/mskreen.NI/OneDrive/School/EE 324/StopWatch_with_ReactionTimer/StopWatch_with_ReactionTimer.runs/synth_1/runme.log
[Sun Aug 30 16:00:17 2015] Launched impl_1...
Run output will be captured here: C:/Users/mskreen.NI/OneDrive/School/EE 324/StopWatch_with_ReactionTimer/StopWatch_with_ReactionTimer.runs/impl_1/runme.log
reset_run synth_1
launch_runs impl_1 -to_step write_bitstream -jobs 4
[Sun Aug 30 16:04:51 2015] Launched synth_1...
Run output will be captured here: C:/Users/mskreen.NI/OneDrive/School/EE 324/StopWatch_with_ReactionTimer/StopWatch_with_ReactionTimer.runs/synth_1/runme.log
[Sun Aug 30 16:04:51 2015] Launched impl_1...
Run output will be captured here: C:/Users/mskreen.NI/OneDrive/School/EE 324/StopWatch_with_ReactionTimer/StopWatch_with_ReactionTimer.runs/impl_1/runme.log
reset_run synth_1
launch_runs impl_1 -to_step write_bitstream -jobs 4
[Sun Aug 30 16:08:24 2015] Launched synth_1...
Run output will be captured here: C:/Users/mskreen.NI/OneDrive/School/EE 324/StopWatch_with_ReactionTimer/StopWatch_with_ReactionTimer.runs/synth_1/runme.log
[Sun Aug 30 16:08:24 2015] Launched impl_1...
Run output will be captured here: C:/Users/mskreen.NI/OneDrive/School/EE 324/StopWatch_with_ReactionTimer/StopWatch_with_ReactionTimer.runs/impl_1/runme.log
reset_run synth_1
launch_runs impl_1 -to_step write_bitstream -jobs 4
[Sun Aug 30 16:12:30 2015] Launched synth_1...
Run output will be captured here: C:/Users/mskreen.NI/OneDrive/School/EE 324/StopWatch_with_ReactionTimer/StopWatch_with_ReactionTimer.runs/synth_1/runme.log
[Sun Aug 30 16:12:30 2015] Launched impl_1...
Run output will be captured here: C:/Users/mskreen.NI/OneDrive/School/EE 324/StopWatch_with_ReactionTimer/StopWatch_with_ReactionTimer.runs/impl_1/runme.log
reset_run synth_1
launch_runs impl_1 -to_step write_bitstream -jobs 4
[Sun Aug 30 16:31:17 2015] Launched synth_1...
Run output will be captured here: C:/Users/mskreen.NI/OneDrive/School/EE 324/StopWatch_with_ReactionTimer/StopWatch_with_ReactionTimer.runs/synth_1/runme.log
[Sun Aug 30 16:31:17 2015] Launched impl_1...
Run output will be captured here: C:/Users/mskreen.NI/OneDrive/School/EE 324/StopWatch_with_ReactionTimer/StopWatch_with_ReactionTimer.runs/impl_1/runme.log
reset_run synth_1
launch_runs impl_1 -to_step write_bitstream -jobs 4
[Sun Aug 30 16:32:59 2015] Launched synth_1...
Run output will be captured here: C:/Users/mskreen.NI/OneDrive/School/EE 324/StopWatch_with_ReactionTimer/StopWatch_with_ReactionTimer.runs/synth_1/runme.log
[Sun Aug 30 16:32:59 2015] Launched impl_1...
Run output will be captured here: C:/Users/mskreen.NI/OneDrive/School/EE 324/StopWatch_with_ReactionTimer/StopWatch_with_ReactionTimer.runs/impl_1/runme.log
reset_run synth_1
launch_runs impl_1 -to_step write_bitstream -jobs 4
[Sun Aug 30 16:34:15 2015] Launched synth_1...
Run output will be captured here: C:/Users/mskreen.NI/OneDrive/School/EE 324/StopWatch_with_ReactionTimer/StopWatch_with_ReactionTimer.runs/synth_1/runme.log
[Sun Aug 30 16:34:15 2015] Launched impl_1...
Run output will be captured here: C:/Users/mskreen.NI/OneDrive/School/EE 324/StopWatch_with_ReactionTimer/StopWatch_with_ReactionTimer.runs/impl_1/runme.log
reset_run synth_1
launch_runs impl_1 -to_step write_bitstream -jobs 4
[Sun Aug 30 16:37:05 2015] Launched synth_1...
Run output will be captured here: C:/Users/mskreen.NI/OneDrive/School/EE 324/StopWatch_with_ReactionTimer/StopWatch_with_ReactionTimer.runs/synth_1/runme.log
[Sun Aug 30 16:37:05 2015] Launched impl_1...
Run output will be captured here: C:/Users/mskreen.NI/OneDrive/School/EE 324/StopWatch_with_ReactionTimer/StopWatch_with_ReactionTimer.runs/impl_1/runme.log
reset_run synth_1
launch_runs impl_1 -to_step write_bitstream -jobs 4
[Sun Aug 30 16:39:03 2015] Launched synth_1...
Run output will be captured here: C:/Users/mskreen.NI/OneDrive/School/EE 324/StopWatch_with_ReactionTimer/StopWatch_with_ReactionTimer.runs/synth_1/runme.log
[Sun Aug 30 16:39:03 2015] Launched impl_1...
Run output will be captured here: C:/Users/mskreen.NI/OneDrive/School/EE 324/StopWatch_with_ReactionTimer/StopWatch_with_ReactionTimer.runs/impl_1/runme.log
reset_run synth_1
launch_runs impl_1 -to_step write_bitstream -jobs 4
[Sun Aug 30 16:43:04 2015] Launched synth_1...
Run output will be captured here: C:/Users/mskreen.NI/OneDrive/School/EE 324/StopWatch_with_ReactionTimer/StopWatch_with_ReactionTimer.runs/synth_1/runme.log
[Sun Aug 30 16:43:04 2015] Launched impl_1...
Run output will be captured here: C:/Users/mskreen.NI/OneDrive/School/EE 324/StopWatch_with_ReactionTimer/StopWatch_with_ReactionTimer.runs/impl_1/runme.log
reset_run synth_1
launch_runs impl_1 -to_step write_bitstream -jobs 4
[Sun Aug 30 16:46:05 2015] Launched synth_1...
Run output will be captured here: C:/Users/mskreen.NI/OneDrive/School/EE 324/StopWatch_with_ReactionTimer/StopWatch_with_ReactionTimer.runs/synth_1/runme.log
[Sun Aug 30 16:46:05 2015] Launched impl_1...
Run output will be captured here: C:/Users/mskreen.NI/OneDrive/School/EE 324/StopWatch_with_ReactionTimer/StopWatch_with_ReactionTimer.runs/impl_1/runme.log
reset_run synth_1
launch_runs impl_1 -to_step write_bitstream -jobs 4
[Sun Aug 30 16:49:58 2015] Launched synth_1...
Run output will be captured here: C:/Users/mskreen.NI/OneDrive/School/EE 324/StopWatch_with_ReactionTimer/StopWatch_with_ReactionTimer.runs/synth_1/runme.log
[Sun Aug 30 16:49:58 2015] Launched impl_1...
Run output will be captured here: C:/Users/mskreen.NI/OneDrive/School/EE 324/StopWatch_with_ReactionTimer/StopWatch_with_ReactionTimer.runs/impl_1/runme.log
reset_run synth_1
launch_runs impl_1 -to_step write_bitstream -jobs 4
[Sun Aug 30 16:55:03 2015] Launched synth_1...
Run output will be captured here: C:/Users/mskreen.NI/OneDrive/School/EE 324/StopWatch_with_ReactionTimer/StopWatch_with_ReactionTimer.runs/synth_1/runme.log
[Sun Aug 30 16:55:03 2015] Launched impl_1...
Run output will be captured here: C:/Users/mskreen.NI/OneDrive/School/EE 324/StopWatch_with_ReactionTimer/StopWatch_with_ReactionTimer.runs/impl_1/runme.log
reset_run synth_1
launch_runs impl_1 -to_step write_bitstream -jobs 4
[Sun Aug 30 17:01:35 2015] Launched synth_1...
Run output will be captured here: C:/Users/mskreen.NI/OneDrive/School/EE 324/StopWatch_with_ReactionTimer/StopWatch_with_ReactionTimer.runs/synth_1/runme.log
[Sun Aug 30 17:01:35 2015] Launched impl_1...
Run output will be captured here: C:/Users/mskreen.NI/OneDrive/School/EE 324/StopWatch_with_ReactionTimer/StopWatch_with_ReactionTimer.runs/impl_1/runme.log
reset_run synth_1
launch_runs impl_1 -to_step write_bitstream -jobs 4
[Sun Aug 30 17:05:05 2015] Launched synth_1...
Run output will be captured here: C:/Users/mskreen.NI/OneDrive/School/EE 324/StopWatch_with_ReactionTimer/StopWatch_with_ReactionTimer.runs/synth_1/runme.log
[Sun Aug 30 17:05:05 2015] Launched impl_1...
Run output will be captured here: C:/Users/mskreen.NI/OneDrive/School/EE 324/StopWatch_with_ReactionTimer/StopWatch_with_ReactionTimer.runs/impl_1/runme.log
reset_run synth_1
launch_runs impl_1 -to_step write_bitstream -jobs 4
[Sun Aug 30 17:08:38 2015] Launched synth_1...
Run output will be captured here: C:/Users/mskreen.NI/OneDrive/School/EE 324/StopWatch_with_ReactionTimer/StopWatch_with_ReactionTimer.runs/synth_1/runme.log
[Sun Aug 30 17:08:38 2015] Launched impl_1...
Run output will be captured here: C:/Users/mskreen.NI/OneDrive/School/EE 324/StopWatch_with_ReactionTimer/StopWatch_with_ReactionTimer.runs/impl_1/runme.log
reset_run synth_1
launch_runs impl_1 -to_step write_bitstream -jobs 4
[Sun Aug 30 17:12:51 2015] Launched synth_1...
Run output will be captured here: C:/Users/mskreen.NI/OneDrive/School/EE 324/StopWatch_with_ReactionTimer/StopWatch_with_ReactionTimer.runs/synth_1/runme.log
[Sun Aug 30 17:12:51 2015] Launched impl_1...
Run output will be captured here: C:/Users/mskreen.NI/OneDrive/School/EE 324/StopWatch_with_ReactionTimer/StopWatch_with_ReactionTimer.runs/impl_1/runme.log
close [ open {C:/Users/mskreen.NI/OneDrive/School/EE 324/StopWatch_with_ReactionTimer/StopWatch_with_ReactionTimer.srcs/sources_1/new/digitCount.v} w ]
add_files {{C:/Users/mskreen.NI/OneDrive/School/EE 324/StopWatch_with_ReactionTimer/StopWatch_with_ReactionTimer.srcs/sources_1/new/digitCount.v}}
update_compile_order -fileset sources_1
update_compile_order -fileset sources_1
reset_run synth_1
launch_runs impl_1 -to_step write_bitstream -jobs 4
[Wed Sep 09 11:37:40 2015] Launched synth_1...
Run output will be captured here: C:/Users/mskreen.NI/OneDrive/School/EE 324/StopWatch_with_ReactionTimer/StopWatch_with_ReactionTimer.runs/synth_1/runme.log
[Wed Sep 09 11:37:40 2015] Launched impl_1...
Run output will be captured here: C:/Users/mskreen.NI/OneDrive/School/EE 324/StopWatch_with_ReactionTimer/StopWatch_with_ReactionTimer.runs/impl_1/runme.log
reset_run synth_1
launch_runs impl_1 -to_step write_bitstream -jobs 4
[Wed Sep 09 11:38:10 2015] Launched synth_1...
Run output will be captured here: C:/Users/mskreen.NI/OneDrive/School/EE 324/StopWatch_with_ReactionTimer/StopWatch_with_ReactionTimer.runs/synth_1/runme.log
[Wed Sep 09 11:38:10 2015] Launched impl_1...
Run output will be captured here: C:/Users/mskreen.NI/OneDrive/School/EE 324/StopWatch_with_ReactionTimer/StopWatch_with_ReactionTimer.runs/impl_1/runme.log
reset_run synth_1
launch_runs impl_1 -to_step write_bitstream -jobs 4
[Wed Sep 09 11:38:40 2015] Launched synth_1...
Run output will be captured here: C:/Users/mskreen.NI/OneDrive/School/EE 324/StopWatch_with_ReactionTimer/StopWatch_with_ReactionTimer.runs/synth_1/runme.log
[Wed Sep 09 11:38:40 2015] Launched impl_1...
Run output will be captured here: C:/Users/mskreen.NI/OneDrive/School/EE 324/StopWatch_with_ReactionTimer/StopWatch_with_ReactionTimer.runs/impl_1/runme.log
reset_run synth_1
launch_runs impl_1 -to_step write_bitstream -jobs 4
[Wed Sep 09 11:39:04 2015] Launched synth_1...
Run output will be captured here: C:/Users/mskreen.NI/OneDrive/School/EE 324/StopWatch_with_ReactionTimer/StopWatch_with_ReactionTimer.runs/synth_1/runme.log
[Wed Sep 09 11:39:04 2015] Launched impl_1...
Run output will be captured here: C:/Users/mskreen.NI/OneDrive/School/EE 324/StopWatch_with_ReactionTimer/StopWatch_with_ReactionTimer.runs/impl_1/runme.log
reset_run synth_1
launch_runs impl_1 -to_step write_bitstream -jobs 4
[Wed Sep 09 11:39:51 2015] Launched synth_1...
Run output will be captured here: C:/Users/mskreen.NI/OneDrive/School/EE 324/StopWatch_with_ReactionTimer/StopWatch_with_ReactionTimer.runs/synth_1/runme.log
[Wed Sep 09 11:39:51 2015] Launched impl_1...
Run output will be captured here: C:/Users/mskreen.NI/OneDrive/School/EE 324/StopWatch_with_ReactionTimer/StopWatch_with_ReactionTimer.runs/impl_1/runme.log
reset_run synth_1
launch_runs impl_1 -to_step write_bitstream -jobs 4
[Wed Sep 09 11:40:30 2015] Launched synth_1...
Run output will be captured here: C:/Users/mskreen.NI/OneDrive/School/EE 324/StopWatch_with_ReactionTimer/StopWatch_with_ReactionTimer.runs/synth_1/runme.log
[Wed Sep 09 11:40:30 2015] Launched impl_1...
Run output will be captured here: C:/Users/mskreen.NI/OneDrive/School/EE 324/StopWatch_with_ReactionTimer/StopWatch_with_ReactionTimer.runs/impl_1/runme.log
reset_run synth_1
launch_runs impl_1 -to_step write_bitstream -jobs 4
[Wed Sep 09 11:41:07 2015] Launched synth_1...
Run output will be captured here: C:/Users/mskreen.NI/OneDrive/School/EE 324/StopWatch_with_ReactionTimer/StopWatch_with_ReactionTimer.runs/synth_1/runme.log
[Wed Sep 09 11:41:07 2015] Launched impl_1...
Run output will be captured here: C:/Users/mskreen.NI/OneDrive/School/EE 324/StopWatch_with_ReactionTimer/StopWatch_with_ReactionTimer.runs/impl_1/runme.log
reset_run synth_1
launch_runs impl_1 -to_step write_bitstream -jobs 4
[Wed Sep 09 11:41:28 2015] Launched synth_1...
Run output will be captured here: C:/Users/mskreen.NI/OneDrive/School/EE 324/StopWatch_with_ReactionTimer/StopWatch_with_ReactionTimer.runs/synth_1/runme.log
[Wed Sep 09 11:41:28 2015] Launched impl_1...
Run output will be captured here: C:/Users/mskreen.NI/OneDrive/School/EE 324/StopWatch_with_ReactionTimer/StopWatch_with_ReactionTimer.runs/impl_1/runme.log
reset_run synth_1
launch_runs impl_1 -to_step write_bitstream -jobs 4
[Wed Sep 09 11:42:06 2015] Launched synth_1...
Run output will be captured here: C:/Users/mskreen.NI/OneDrive/School/EE 324/StopWatch_with_ReactionTimer/StopWatch_with_ReactionTimer.runs/synth_1/runme.log
[Wed Sep 09 11:42:06 2015] Launched impl_1...
Run output will be captured here: C:/Users/mskreen.NI/OneDrive/School/EE 324/StopWatch_with_ReactionTimer/StopWatch_with_ReactionTimer.runs/impl_1/runme.log
reset_run synth_1
launch_runs impl_1 -to_step write_bitstream -jobs 4
[Wed Sep 09 11:44:02 2015] Launched synth_1...
Run output will be captured here: C:/Users/mskreen.NI/OneDrive/School/EE 324/StopWatch_with_ReactionTimer/StopWatch_with_ReactionTimer.runs/synth_1/runme.log
[Wed Sep 09 11:44:02 2015] Launched impl_1...
Run output will be captured here: C:/Users/mskreen.NI/OneDrive/School/EE 324/StopWatch_with_ReactionTimer/StopWatch_with_ReactionTimer.runs/impl_1/runme.log
reset_run synth_1
launch_runs impl_1 -to_step write_bitstream -jobs 4
[Wed Sep 09 11:45:34 2015] Launched synth_1...
Run output will be captured here: C:/Users/mskreen.NI/OneDrive/School/EE 324/StopWatch_with_ReactionTimer/StopWatch_with_ReactionTimer.runs/synth_1/runme.log
[Wed Sep 09 11:45:34 2015] Launched impl_1...
Run output will be captured here: C:/Users/mskreen.NI/OneDrive/School/EE 324/StopWatch_with_ReactionTimer/StopWatch_with_ReactionTimer.runs/impl_1/runme.log
reset_run synth_1
launch_runs impl_1 -to_step write_bitstream -jobs 4
[Wed Sep 09 21:55:28 2015] Launched synth_1...
Run output will be captured here: C:/Users/mskreen.NI/OneDrive/School/EE 324/StopWatch_with_ReactionTimer/StopWatch_with_ReactionTimer.runs/synth_1/runme.log
[Wed Sep 09 21:55:28 2015] Launched impl_1...
Run output will be captured here: C:/Users/mskreen.NI/OneDrive/School/EE 324/StopWatch_with_ReactionTimer/StopWatch_with_ReactionTimer.runs/impl_1/runme.log
reset_run synth_1
launch_runs impl_1 -to_step write_bitstream -jobs 4
[Wed Sep 09 22:02:43 2015] Launched synth_1...
Run output will be captured here: C:/Users/mskreen.NI/OneDrive/School/EE 324/StopWatch_with_ReactionTimer/StopWatch_with_ReactionTimer.runs/synth_1/runme.log
[Wed Sep 09 22:02:43 2015] Launched impl_1...
Run output will be captured here: C:/Users/mskreen.NI/OneDrive/School/EE 324/StopWatch_with_ReactionTimer/StopWatch_with_ReactionTimer.runs/impl_1/runme.log
reset_run synth_1
launch_runs impl_1 -to_step write_bitstream -jobs 4
[Wed Sep 09 22:07:36 2015] Launched synth_1...
Run output will be captured here: C:/Users/mskreen.NI/OneDrive/School/EE 324/StopWatch_with_ReactionTimer/StopWatch_with_ReactionTimer.runs/synth_1/runme.log
[Wed Sep 09 22:07:36 2015] Launched impl_1...
Run output will be captured here: C:/Users/mskreen.NI/OneDrive/School/EE 324/StopWatch_with_ReactionTimer/StopWatch_with_ReactionTimer.runs/impl_1/runme.log
reset_run synth_1
launch_runs impl_1 -to_step write_bitstream -jobs 4
[Wed Sep 09 22:15:57 2015] Launched synth_1...
Run output will be captured here: C:/Users/mskreen.NI/OneDrive/School/EE 324/StopWatch_with_ReactionTimer/StopWatch_with_ReactionTimer.runs/synth_1/runme.log
[Wed Sep 09 22:15:57 2015] Launched impl_1...
Run output will be captured here: C:/Users/mskreen.NI/OneDrive/School/EE 324/StopWatch_with_ReactionTimer/StopWatch_with_ReactionTimer.runs/impl_1/runme.log
reset_run impl_1 -prev_step 
launch_runs impl_1 -to_step write_bitstream -jobs 4
WARNING: [Vivado 12-872] Run step 'Design Initialization' is out-of-date.
[Wed Sep 09 22:34:47 2015] Launched impl_1...
Run output will be captured here: C:/Users/mskreen.NI/OneDrive/School/EE 324/StopWatch_with_ReactionTimer/StopWatch_with_ReactionTimer.runs/impl_1/runme.log
update_compile_order -fileset sources_1
update_compile_order -fileset sources_1
reset_run synth_1
launch_runs impl_1 -to_step write_bitstream -jobs 4
[Wed Sep 09 22:36:04 2015] Launched synth_1...
Run output will be captured here: C:/Users/mskreen.NI/OneDrive/School/EE 324/StopWatch_with_ReactionTimer/StopWatch_with_ReactionTimer.runs/synth_1/runme.log
[Wed Sep 09 22:36:04 2015] Launched impl_1...
Run output will be captured here: C:/Users/mskreen.NI/OneDrive/School/EE 324/StopWatch_with_ReactionTimer/StopWatch_with_ReactionTimer.runs/impl_1/runme.log
reset_run synth_1
launch_runs impl_1 -to_step write_bitstream -jobs 4
[Wed Sep 09 22:40:11 2015] Launched synth_1...
Run output will be captured here: C:/Users/mskreen.NI/OneDrive/School/EE 324/StopWatch_with_ReactionTimer/StopWatch_with_ReactionTimer.runs/synth_1/runme.log
[Wed Sep 09 22:40:11 2015] Launched impl_1...
Run output will be captured here: C:/Users/mskreen.NI/OneDrive/School/EE 324/StopWatch_with_ReactionTimer/StopWatch_with_ReactionTimer.runs/impl_1/runme.log
reset_run synth_1
launch_runs impl_1 -to_step write_bitstream -jobs 4
[Wed Sep 09 22:45:51 2015] Launched synth_1...
Run output will be captured here: C:/Users/mskreen.NI/OneDrive/School/EE 324/StopWatch_with_ReactionTimer/StopWatch_with_ReactionTimer.runs/synth_1/runme.log
[Wed Sep 09 22:45:51 2015] Launched impl_1...
Run output will be captured here: C:/Users/mskreen.NI/OneDrive/School/EE 324/StopWatch_with_ReactionTimer/StopWatch_with_ReactionTimer.runs/impl_1/runme.log
reset_run synth_1
launch_runs impl_1 -to_step write_bitstream -jobs 4
[Wed Sep 09 22:52:54 2015] Launched synth_1...
Run output will be captured here: C:/Users/mskreen.NI/OneDrive/School/EE 324/StopWatch_with_ReactionTimer/StopWatch_with_ReactionTimer.runs/synth_1/runme.log
[Wed Sep 09 22:52:54 2015] Launched impl_1...
Run output will be captured here: C:/Users/mskreen.NI/OneDrive/School/EE 324/StopWatch_with_ReactionTimer/StopWatch_with_ReactionTimer.runs/impl_1/runme.log
reset_run synth_1
launch_runs impl_1 -to_step write_bitstream -jobs 4
[Wed Sep 09 23:01:04 2015] Launched synth_1...
Run output will be captured here: C:/Users/mskreen.NI/OneDrive/School/EE 324/StopWatch_with_ReactionTimer/StopWatch_with_ReactionTimer.runs/synth_1/runme.log
[Wed Sep 09 23:01:04 2015] Launched impl_1...
Run output will be captured here: C:/Users/mskreen.NI/OneDrive/School/EE 324/StopWatch_with_ReactionTimer/StopWatch_with_ReactionTimer.runs/impl_1/runme.log
reset_run synth_1
launch_runs impl_1 -to_step write_bitstream -jobs 4
[Wed Sep 09 23:08:12 2015] Launched synth_1...
Run output will be captured here: C:/Users/mskreen.NI/OneDrive/School/EE 324/StopWatch_with_ReactionTimer/StopWatch_with_ReactionTimer.runs/synth_1/runme.log
[Wed Sep 09 23:08:12 2015] Launched impl_1...
Run output will be captured here: C:/Users/mskreen.NI/OneDrive/School/EE 324/StopWatch_with_ReactionTimer/StopWatch_with_ReactionTimer.runs/impl_1/runme.log
reset_run synth_1
launch_runs impl_1 -to_step write_bitstream -jobs 4
[Wed Sep 09 23:09:22 2015] Launched synth_1...
Run output will be captured here: C:/Users/mskreen.NI/OneDrive/School/EE 324/StopWatch_with_ReactionTimer/StopWatch_with_ReactionTimer.runs/synth_1/runme.log
[Wed Sep 09 23:09:22 2015] Launched impl_1...
Run output will be captured here: C:/Users/mskreen.NI/OneDrive/School/EE 324/StopWatch_with_ReactionTimer/StopWatch_with_ReactionTimer.runs/impl_1/runme.log
reset_run impl_1 -prev_step 
launch_runs impl_1 -to_step write_bitstream -jobs 4
WARNING: [Vivado 12-872] Run step 'Design Initialization' is out-of-date.
[Wed Sep 09 23:19:28 2015] Launched impl_1...
Run output will be captured here: C:/Users/mskreen.NI/OneDrive/School/EE 324/StopWatch_with_ReactionTimer/StopWatch_with_ReactionTimer.runs/impl_1/runme.log
reset_run synth_1
launch_runs impl_1 -to_step write_bitstream -jobs 4
[Wed Sep 09 23:20:08 2015] Launched synth_1...
Run output will be captured here: C:/Users/mskreen.NI/OneDrive/School/EE 324/StopWatch_with_ReactionTimer/StopWatch_with_ReactionTimer.runs/synth_1/runme.log
[Wed Sep 09 23:20:08 2015] Launched impl_1...
Run output will be captured here: C:/Users/mskreen.NI/OneDrive/School/EE 324/StopWatch_with_ReactionTimer/StopWatch_with_ReactionTimer.runs/impl_1/runme.log
reset_run synth_1
launch_runs impl_1 -to_step write_bitstream -jobs 4
[Wed Sep 09 23:22:53 2015] Launched synth_1...
Run output will be captured here: C:/Users/mskreen.NI/OneDrive/School/EE 324/StopWatch_with_ReactionTimer/StopWatch_with_ReactionTimer.runs/synth_1/runme.log
[Wed Sep 09 23:22:53 2015] Launched impl_1...
Run output will be captured here: C:/Users/mskreen.NI/OneDrive/School/EE 324/StopWatch_with_ReactionTimer/StopWatch_with_ReactionTimer.runs/impl_1/runme.log
reset_run impl_1 -noclean_dir 
reset_run synth_1
launch_runs impl_1 -to_step write_bitstream -jobs 4
[Wed Sep 09 23:24:09 2015] Launched synth_1...
Run output will be captured here: C:/Users/mskreen.NI/OneDrive/School/EE 324/StopWatch_with_ReactionTimer/StopWatch_with_ReactionTimer.runs/synth_1/runme.log
[Wed Sep 09 23:24:09 2015] Launched impl_1...
Run output will be captured here: C:/Users/mskreen.NI/OneDrive/School/EE 324/StopWatch_with_ReactionTimer/StopWatch_with_ReactionTimer.runs/impl_1/runme.log
reset_run synth_1
launch_runs impl_1 -to_step write_bitstream -jobs 4
[Wed Sep 09 23:29:03 2015] Launched synth_1...
Run output will be captured here: C:/Users/mskreen.NI/OneDrive/School/EE 324/StopWatch_with_ReactionTimer/StopWatch_with_ReactionTimer.runs/synth_1/runme.log
[Wed Sep 09 23:29:03 2015] Launched impl_1...
Run output will be captured here: C:/Users/mskreen.NI/OneDrive/School/EE 324/StopWatch_with_ReactionTimer/StopWatch_with_ReactionTimer.runs/impl_1/runme.log
reset_run synth_1
launch_runs impl_1 -to_step write_bitstream -jobs 4
[Wed Sep 09 23:37:49 2015] Launched synth_1...
Run output will be captured here: C:/Users/mskreen.NI/OneDrive/School/EE 324/StopWatch_with_ReactionTimer/StopWatch_with_ReactionTimer.runs/synth_1/runme.log
[Wed Sep 09 23:37:49 2015] Launched impl_1...
Run output will be captured here: C:/Users/mskreen.NI/OneDrive/School/EE 324/StopWatch_with_ReactionTimer/StopWatch_with_ReactionTimer.runs/impl_1/runme.log
reset_run synth_1
launch_runs impl_1 -to_step write_bitstream -jobs 4
[Wed Sep 09 23:38:43 2015] Launched synth_1...
Run output will be captured here: C:/Users/mskreen.NI/OneDrive/School/EE 324/StopWatch_with_ReactionTimer/StopWatch_with_ReactionTimer.runs/synth_1/runme.log
[Wed Sep 09 23:38:43 2015] Launched impl_1...
Run output will be captured here: C:/Users/mskreen.NI/OneDrive/School/EE 324/StopWatch_with_ReactionTimer/StopWatch_with_ReactionTimer.runs/impl_1/runme.log
reset_run impl_1 -noclean_dir 
reset_run synth_1
launch_runs impl_1 -to_step write_bitstream -jobs 4
[Wed Sep 09 23:39:31 2015] Launched synth_1...
Run output will be captured here: C:/Users/mskreen.NI/OneDrive/School/EE 324/StopWatch_with_ReactionTimer/StopWatch_with_ReactionTimer.runs/synth_1/runme.log
[Wed Sep 09 23:39:31 2015] Launched impl_1...
Run output will be captured here: C:/Users/mskreen.NI/OneDrive/School/EE 324/StopWatch_with_ReactionTimer/StopWatch_with_ReactionTimer.runs/impl_1/runme.log
reset_run synth_1
launch_runs impl_1 -to_step write_bitstream -jobs 4
[Wed Sep 09 23:48:41 2015] Launched synth_1...
Run output will be captured here: C:/Users/mskreen.NI/OneDrive/School/EE 324/StopWatch_with_ReactionTimer/StopWatch_with_ReactionTimer.runs/synth_1/runme.log
[Wed Sep 09 23:48:41 2015] Launched impl_1...
Run output will be captured here: C:/Users/mskreen.NI/OneDrive/School/EE 324/StopWatch_with_ReactionTimer/StopWatch_with_ReactionTimer.runs/impl_1/runme.log
reset_run synth_1
launch_runs impl_1 -to_step write_bitstream -jobs 4
[Wed Sep 09 23:49:36 2015] Launched synth_1...
Run output will be captured here: C:/Users/mskreen.NI/OneDrive/School/EE 324/StopWatch_with_ReactionTimer/StopWatch_with_ReactionTimer.runs/synth_1/runme.log
[Wed Sep 09 23:49:36 2015] Launched impl_1...
Run output will be captured here: C:/Users/mskreen.NI/OneDrive/School/EE 324/StopWatch_with_ReactionTimer/StopWatch_with_ReactionTimer.runs/impl_1/runme.log
reset_run synth_1
launch_runs impl_1 -to_step write_bitstream -jobs 4
[Thu Sep 10 00:02:44 2015] Launched synth_1...
Run output will be captured here: C:/Users/mskreen.NI/OneDrive/School/EE 324/StopWatch_with_ReactionTimer/StopWatch_with_ReactionTimer.runs/synth_1/runme.log
[Thu Sep 10 00:02:44 2015] Launched impl_1...
Run output will be captured here: C:/Users/mskreen.NI/OneDrive/School/EE 324/StopWatch_with_ReactionTimer/StopWatch_with_ReactionTimer.runs/impl_1/runme.log
reset_run synth_1
launch_runs impl_1 -to_step write_bitstream -jobs 4
[Thu Sep 10 00:21:25 2015] Launched synth_1...
Run output will be captured here: C:/Users/mskreen.NI/OneDrive/School/EE 324/StopWatch_with_ReactionTimer/StopWatch_with_ReactionTimer.runs/synth_1/runme.log
[Thu Sep 10 00:21:25 2015] Launched impl_1...
Run output will be captured here: C:/Users/mskreen.NI/OneDrive/School/EE 324/StopWatch_with_ReactionTimer/StopWatch_with_ReactionTimer.runs/impl_1/runme.log
reset_run synth_1
launch_runs impl_1 -to_step write_bitstream -jobs 4
[Thu Sep 10 00:25:42 2015] Launched synth_1...
Run output will be captured here: C:/Users/mskreen.NI/OneDrive/School/EE 324/StopWatch_with_ReactionTimer/StopWatch_with_ReactionTimer.runs/synth_1/runme.log
[Thu Sep 10 00:25:42 2015] Launched impl_1...
Run output will be captured here: C:/Users/mskreen.NI/OneDrive/School/EE 324/StopWatch_with_ReactionTimer/StopWatch_with_ReactionTimer.runs/impl_1/runme.log
reset_run synth_1
launch_runs impl_1 -to_step write_bitstream -jobs 4
[Thu Sep 10 00:26:10 2015] Launched synth_1...
Run output will be captured here: C:/Users/mskreen.NI/OneDrive/School/EE 324/StopWatch_with_ReactionTimer/StopWatch_with_ReactionTimer.runs/synth_1/runme.log
[Thu Sep 10 00:26:10 2015] Launched impl_1...
Run output will be captured here: C:/Users/mskreen.NI/OneDrive/School/EE 324/StopWatch_with_ReactionTimer/StopWatch_with_ReactionTimer.runs/impl_1/runme.log
reset_run synth_1
launch_runs impl_1 -to_step write_bitstream -jobs 4
[Thu Sep 10 00:27:31 2015] Launched synth_1...
Run output will be captured here: C:/Users/mskreen.NI/OneDrive/School/EE 324/StopWatch_with_ReactionTimer/StopWatch_with_ReactionTimer.runs/synth_1/runme.log
[Thu Sep 10 00:27:31 2015] Launched impl_1...
Run output will be captured here: C:/Users/mskreen.NI/OneDrive/School/EE 324/StopWatch_with_ReactionTimer/StopWatch_with_ReactionTimer.runs/impl_1/runme.log
reset_run synth_1
launch_runs impl_1 -to_step write_bitstream -jobs 4
[Thu Sep 10 00:36:58 2015] Launched synth_1...
Run output will be captured here: C:/Users/mskreen.NI/OneDrive/School/EE 324/StopWatch_with_ReactionTimer/StopWatch_with_ReactionTimer.runs/synth_1/runme.log
[Thu Sep 10 00:36:58 2015] Launched impl_1...
Run output will be captured here: C:/Users/mskreen.NI/OneDrive/School/EE 324/StopWatch_with_ReactionTimer/StopWatch_with_ReactionTimer.runs/impl_1/runme.log
reset_run synth_1
launch_runs impl_1 -to_step write_bitstream -jobs 4
[Thu Sep 10 00:46:46 2015] Launched synth_1...
Run output will be captured here: C:/Users/mskreen.NI/OneDrive/School/EE 324/StopWatch_with_ReactionTimer/StopWatch_with_ReactionTimer.runs/synth_1/runme.log
[Thu Sep 10 00:46:46 2015] Launched impl_1...
Run output will be captured here: C:/Users/mskreen.NI/OneDrive/School/EE 324/StopWatch_with_ReactionTimer/StopWatch_with_ReactionTimer.runs/impl_1/runme.log
reset_run synth_1
launch_runs impl_1 -to_step write_bitstream -jobs 4
[Thu Sep 10 00:49:14 2015] Launched synth_1...
Run output will be captured here: C:/Users/mskreen.NI/OneDrive/School/EE 324/StopWatch_with_ReactionTimer/StopWatch_with_ReactionTimer.runs/synth_1/runme.log
[Thu Sep 10 00:49:14 2015] Launched impl_1...
Run output will be captured here: C:/Users/mskreen.NI/OneDrive/School/EE 324/StopWatch_with_ReactionTimer/StopWatch_with_ReactionTimer.runs/impl_1/runme.log
reset_run synth_1
launch_runs impl_1 -to_step write_bitstream -jobs 4
[Thu Sep 10 00:51:37 2015] Launched synth_1...
Run output will be captured here: C:/Users/mskreen.NI/OneDrive/School/EE 324/StopWatch_with_ReactionTimer/StopWatch_with_ReactionTimer.runs/synth_1/runme.log
[Thu Sep 10 00:51:37 2015] Launched impl_1...
Run output will be captured here: C:/Users/mskreen.NI/OneDrive/School/EE 324/StopWatch_with_ReactionTimer/StopWatch_with_ReactionTimer.runs/impl_1/runme.log
reset_run synth_1
launch_runs impl_1 -to_step write_bitstream -jobs 4
[Thu Sep 10 00:54:49 2015] Launched synth_1...
Run output will be captured here: C:/Users/mskreen.NI/OneDrive/School/EE 324/StopWatch_with_ReactionTimer/StopWatch_with_ReactionTimer.runs/synth_1/runme.log
[Thu Sep 10 00:54:49 2015] Launched impl_1...
Run output will be captured here: C:/Users/mskreen.NI/OneDrive/School/EE 324/StopWatch_with_ReactionTimer/StopWatch_with_ReactionTimer.runs/impl_1/runme.log
create_project ReactionTimer {C:/Users/mskreen.NI/OneDrive/School/EE 324/ReactionTimer} -part xc7a100tcsg324-1
INFO: [IP_Flow 19-234] Refreshing IP repositories
INFO: [IP_Flow 19-1704] No user IP repositories specified
INFO: [IP_Flow 19-2313] Loaded Vivado IP repository 'C:/Xilinx/Vivado/2015.2/data/ip'.
set_property board_part digilentinc.com:nexys4:part0:1.1 [current_project]
add_files -fileset constrs_1 -norecurse {{C:/Users/mskreen.NI/OneDrive/School/EE 214/Nexys4_Master.xdc}}
current_project StopWatch_with_ReactionTimer
save_project_as StopWatch {C:/Users/mskreen.NI/OneDrive/School/EE 324/StopWatch} -force
file mkdir C:/Users/mskreen.NI/OneDrive/School/EE 324/ReactionTimer/ReactionTimer.srcs/sources_1/new
can't create directory "C:/Users/mskreen.NI/OneDrive/School/EE": file already exists
file mkdir C:/Users/mskreen.NI/OneDrive/School/EE 324/ReactionTimer/ReactionTimer.srcs/sources_1/new
can't create directory "C:/Users/mskreen.NI/OneDrive/School/EE": file already exists
file mkdir C:/Users/mskreen.NI/OneDrive/School/EE 324/ReactionTimer/ReactionTimer.srcs/sources_1/new
can't create directory "C:/Users/mskreen.NI/OneDrive/School/EE": file already exists
file mkdir C:/Users/mskreen.NI/OneDrive/School/EE 324/ReactionTimer/ReactionTimer.srcs/sources_1/new
can't create directory "C:/Users/mskreen.NI/OneDrive/School/EE": file already exists
file mkdir C:/Users/mskreen.NI/OneDrive/School/EE 324/ReactionTimer/ReactionTimer.srcs/sources_1/new
can't create directory "C:/Users/mskreen.NI/OneDrive/School/EE": file already exists
file mkdir C:/Users/mskreen.NI/OneDrive/School/EE 324/ReactionTimer/ReactionTimer.srcs/sources_1/new
can't create directory "C:/Users/mskreen.NI/OneDrive/School/EE": file already exists
current_project ReactionTimer
file mkdir {C:/Users/mskreen.NI/OneDrive/School/EE 324/ReactionTimer/ReactionTimer.srcs/sources_1/new}
close [ open {C:/Users/mskreen.NI/OneDrive/School/EE 324/ReactionTimer/ReactionTimer.srcs/sources_1/new/mux.v} w ]
add_files {{C:/Users/mskreen.NI/OneDrive/School/EE 324/ReactionTimer/ReactionTimer.srcs/sources_1/new/mux.v}}
update_compile_order -fileset sources_1
update_compile_order -fileset sim_1
close [ open {C:/Users/mskreen.NI/OneDrive/School/EE 324/ReactionTimer/ReactionTimer.srcs/sources_1/new/main.v} w ]
add_files {{C:/Users/mskreen.NI/OneDrive/School/EE 324/ReactionTimer/ReactionTimer.srcs/sources_1/new/main.v}}
update_compile_order -fileset sources_1
update_compile_order -fileset sources_1
update_compile_order -fileset sim_1
update_compile_order -fileset sources_1
launch_runs impl_1 -to_step write_bitstream -jobs 4
[Thu Sep 10 01:14:40 2015] Launched synth_1...
Run output will be captured here: C:/Users/mskreen.NI/OneDrive/School/EE 324/ReactionTimer/ReactionTimer.runs/synth_1/runme.log
[Thu Sep 10 01:14:40 2015] Launched impl_1...
Run output will be captured here: C:/Users/mskreen.NI/OneDrive/School/EE 324/ReactionTimer/ReactionTimer.runs/impl_1/runme.log
reset_run impl_1
reset_run synth_1
launch_runs impl_1 -to_step write_bitstream -jobs 4
[Thu Sep 10 01:18:12 2015] Launched synth_1...
Run output will be captured here: C:/Users/mskreen.NI/OneDrive/School/EE 324/ReactionTimer/ReactionTimer.runs/synth_1/runme.log
[Thu Sep 10 01:18:12 2015] Launched impl_1...
Run output will be captured here: C:/Users/mskreen.NI/OneDrive/School/EE 324/ReactionTimer/ReactionTimer.runs/impl_1/runme.log
update_compile_order -fileset sources_1
update_compile_order -fileset sources_1
update_compile_order -fileset sim_1
update_compile_order -fileset sources_1
update_compile_order -fileset sim_1
update_compile_order -fileset sources_1
update_compile_order -fileset sources_1
update_compile_order -fileset sources_1
update_compile_order -fileset sim_1
update_compile_order -fileset sources_1
update_compile_order -fileset sim_1
update_compile_order -fileset sources_1
current_project StopWatch
current_project ReactionTimer
update_compile_order -fileset sources_1
update_compile_order -fileset sources_1
reset_run synth_1
launch_runs impl_1 -to_step write_bitstream -jobs 4
[Thu Sep 10 11:02:25 2015] Launched synth_1...
Run output will be captured here: C:/Users/mskreen.NI/OneDrive/School/EE 324/ReactionTimer/ReactionTimer.runs/synth_1/runme.log
[Thu Sep 10 11:02:25 2015] Launched impl_1...
Run output will be captured here: C:/Users/mskreen.NI/OneDrive/School/EE 324/ReactionTimer/ReactionTimer.runs/impl_1/runme.log
reset_run synth_1
launch_runs impl_1 -to_step write_bitstream -jobs 4
[Thu Sep 10 11:06:41 2015] Launched synth_1...
Run output will be captured here: C:/Users/mskreen.NI/OneDrive/School/EE 324/ReactionTimer/ReactionTimer.runs/synth_1/runme.log
[Thu Sep 10 11:06:41 2015] Launched impl_1...
Run output will be captured here: C:/Users/mskreen.NI/OneDrive/School/EE 324/ReactionTimer/ReactionTimer.runs/impl_1/runme.log
current_project StopWatch
current_project ReactionTimer
reset_run synth_1
launch_runs impl_1 -to_step write_bitstream -jobs 4
[Thu Sep 10 11:09:49 2015] Launched synth_1...
Run output will be captured here: C:/Users/mskreen.NI/OneDrive/School/EE 324/ReactionTimer/ReactionTimer.runs/synth_1/runme.log
[Thu Sep 10 11:09:49 2015] Launched impl_1...
Run output will be captured here: C:/Users/mskreen.NI/OneDrive/School/EE 324/ReactionTimer/ReactionTimer.runs/impl_1/runme.log
reset_run synth_1
launch_runs impl_1 -to_step write_bitstream -jobs 4
[Thu Sep 10 11:14:00 2015] Launched synth_1...
Run output will be captured here: C:/Users/mskreen.NI/OneDrive/School/EE 324/ReactionTimer/ReactionTimer.runs/synth_1/runme.log
[Thu Sep 10 11:14:00 2015] Launched impl_1...
Run output will be captured here: C:/Users/mskreen.NI/OneDrive/School/EE 324/ReactionTimer/ReactionTimer.runs/impl_1/runme.log
reset_run impl_1 -noclean_dir 
reset_run synth_1
launch_runs impl_1 -to_step write_bitstream -jobs 4
[Thu Sep 10 11:14:48 2015] Launched synth_1...
Run output will be captured here: C:/Users/mskreen.NI/OneDrive/School/EE 324/ReactionTimer/ReactionTimer.runs/synth_1/runme.log
[Thu Sep 10 11:14:48 2015] Launched impl_1...
Run output will be captured here: C:/Users/mskreen.NI/OneDrive/School/EE 324/ReactionTimer/ReactionTimer.runs/impl_1/runme.log
reset_run impl_1
reset_run synth_1
launch_runs impl_1 -to_step write_bitstream -jobs 4
[Thu Sep 10 11:15:26 2015] Launched synth_1...
Run output will be captured here: C:/Users/mskreen.NI/OneDrive/School/EE 324/ReactionTimer/ReactionTimer.runs/synth_1/runme.log
[Thu Sep 10 11:15:26 2015] Launched impl_1...
Run output will be captured here: C:/Users/mskreen.NI/OneDrive/School/EE 324/ReactionTimer/ReactionTimer.runs/impl_1/runme.log
reset_run synth_1
launch_runs impl_1 -to_step write_bitstream -jobs 4
[Thu Sep 10 11:20:39 2015] Launched synth_1...
Run output will be captured here: C:/Users/mskreen.NI/OneDrive/School/EE 324/ReactionTimer/ReactionTimer.runs/synth_1/runme.log
[Thu Sep 10 11:20:39 2015] Launched impl_1...
Run output will be captured here: C:/Users/mskreen.NI/OneDrive/School/EE 324/ReactionTimer/ReactionTimer.runs/impl_1/runme.log
reset_run synth_1
launch_runs impl_1 -to_step write_bitstream -jobs 4
[Thu Sep 10 11:25:28 2015] Launched synth_1...
Run output will be captured here: C:/Users/mskreen.NI/OneDrive/School/EE 324/ReactionTimer/ReactionTimer.runs/synth_1/runme.log
[Thu Sep 10 11:25:28 2015] Launched impl_1...
Run output will be captured here: C:/Users/mskreen.NI/OneDrive/School/EE 324/ReactionTimer/ReactionTimer.runs/impl_1/runme.log
reset_run synth_1
launch_runs impl_1 -to_step write_bitstream -jobs 4
[Thu Sep 10 11:28:07 2015] Launched synth_1...
Run output will be captured here: C:/Users/mskreen.NI/OneDrive/School/EE 324/ReactionTimer/ReactionTimer.runs/synth_1/runme.log
[Thu Sep 10 11:28:07 2015] Launched impl_1...
Run output will be captured here: C:/Users/mskreen.NI/OneDrive/School/EE 324/ReactionTimer/ReactionTimer.runs/impl_1/runme.log
current_project StopWatch
current_project ReactionTimer
reset_run synth_1
launch_runs impl_1 -to_step write_bitstream -jobs 4
[Thu Sep 10 11:34:14 2015] Launched synth_1...
Run output will be captured here: C:/Users/mskreen.NI/OneDrive/School/EE 324/ReactionTimer/ReactionTimer.runs/synth_1/runme.log
[Thu Sep 10 11:34:14 2015] Launched impl_1...
Run output will be captured here: C:/Users/mskreen.NI/OneDrive/School/EE 324/ReactionTimer/ReactionTimer.runs/impl_1/runme.log
reset_run synth_1
launch_runs impl_1 -to_step write_bitstream -jobs 4
[Thu Sep 10 11:35:52 2015] Launched synth_1...
Run output will be captured here: C:/Users/mskreen.NI/OneDrive/School/EE 324/ReactionTimer/ReactionTimer.runs/synth_1/runme.log
[Thu Sep 10 11:35:52 2015] Launched impl_1...
Run output will be captured here: C:/Users/mskreen.NI/OneDrive/School/EE 324/ReactionTimer/ReactionTimer.runs/impl_1/runme.log
reset_run synth_1
launch_runs impl_1 -to_step write_bitstream -jobs 4
[Thu Sep 10 11:37:02 2015] Launched synth_1...
Run output will be captured here: C:/Users/mskreen.NI/OneDrive/School/EE 324/ReactionTimer/ReactionTimer.runs/synth_1/runme.log
[Thu Sep 10 11:37:02 2015] Launched impl_1...
Run output will be captured here: C:/Users/mskreen.NI/OneDrive/School/EE 324/ReactionTimer/ReactionTimer.runs/impl_1/runme.log
reset_run synth_1
launch_runs impl_1 -to_step write_bitstream -jobs 4
[Thu Sep 10 11:39:32 2015] Launched synth_1...
Run output will be captured here: C:/Users/mskreen.NI/OneDrive/School/EE 324/ReactionTimer/ReactionTimer.runs/synth_1/runme.log
[Thu Sep 10 11:39:32 2015] Launched impl_1...
Run output will be captured here: C:/Users/mskreen.NI/OneDrive/School/EE 324/ReactionTimer/ReactionTimer.runs/impl_1/runme.log
reset_run synth_1
launch_runs impl_1 -to_step write_bitstream -jobs 4
[Thu Sep 10 11:40:51 2015] Launched synth_1...
Run output will be captured here: C:/Users/mskreen.NI/OneDrive/School/EE 324/ReactionTimer/ReactionTimer.runs/synth_1/runme.log
[Thu Sep 10 11:40:51 2015] Launched impl_1...
Run output will be captured here: C:/Users/mskreen.NI/OneDrive/School/EE 324/ReactionTimer/ReactionTimer.runs/impl_1/runme.log
reset_run synth_1
launch_runs impl_1 -to_step write_bitstream -jobs 4
[Thu Sep 10 11:41:35 2015] Launched synth_1...
Run output will be captured here: C:/Users/mskreen.NI/OneDrive/School/EE 324/ReactionTimer/ReactionTimer.runs/synth_1/runme.log
[Thu Sep 10 11:41:35 2015] Launched impl_1...
Run output will be captured here: C:/Users/mskreen.NI/OneDrive/School/EE 324/ReactionTimer/ReactionTimer.runs/impl_1/runme.log
reset_run synth_1
launch_runs impl_1 -to_step write_bitstream -jobs 4
[Thu Sep 10 11:46:59 2015] Launched synth_1...
Run output will be captured here: C:/Users/mskreen.NI/OneDrive/School/EE 324/ReactionTimer/ReactionTimer.runs/synth_1/runme.log
[Thu Sep 10 11:46:59 2015] Launched impl_1...
Run output will be captured here: C:/Users/mskreen.NI/OneDrive/School/EE 324/ReactionTimer/ReactionTimer.runs/impl_1/runme.log
reset_run synth_1
launch_runs impl_1 -to_step write_bitstream -jobs 4
[Thu Sep 10 11:47:25 2015] Launched synth_1...
Run output will be captured here: C:/Users/mskreen.NI/OneDrive/School/EE 324/ReactionTimer/ReactionTimer.runs/synth_1/runme.log
[Thu Sep 10 11:47:25 2015] Launched impl_1...
Run output will be captured here: C:/Users/mskreen.NI/OneDrive/School/EE 324/ReactionTimer/ReactionTimer.runs/impl_1/runme.log
reset_run synth_1
launch_runs impl_1 -to_step write_bitstream -jobs 4
[Thu Sep 10 11:51:13 2015] Launched synth_1...
Run output will be captured here: C:/Users/mskreen.NI/OneDrive/School/EE 324/ReactionTimer/ReactionTimer.runs/synth_1/runme.log
[Thu Sep 10 11:51:13 2015] Launched impl_1...
Run output will be captured here: C:/Users/mskreen.NI/OneDrive/School/EE 324/ReactionTimer/ReactionTimer.runs/impl_1/runme.log
reset_run synth_1
launch_runs impl_1 -to_step write_bitstream -jobs 4
[Thu Sep 10 11:56:12 2015] Launched synth_1...
Run output will be captured here: C:/Users/mskreen.NI/OneDrive/School/EE 324/ReactionTimer/ReactionTimer.runs/synth_1/runme.log
[Thu Sep 10 11:56:12 2015] Launched impl_1...
Run output will be captured here: C:/Users/mskreen.NI/OneDrive/School/EE 324/ReactionTimer/ReactionTimer.runs/impl_1/runme.log
reset_run synth_1
launch_runs impl_1 -to_step write_bitstream -jobs 4
[Thu Sep 10 11:56:41 2015] Launched synth_1...
Run output will be captured here: C:/Users/mskreen.NI/OneDrive/School/EE 324/ReactionTimer/ReactionTimer.runs/synth_1/runme.log
[Thu Sep 10 11:56:41 2015] Launched impl_1...
Run output will be captured here: C:/Users/mskreen.NI/OneDrive/School/EE 324/ReactionTimer/ReactionTimer.runs/impl_1/runme.log
reset_run synth_1
launch_runs impl_1 -to_step write_bitstream -jobs 4
[Thu Sep 10 11:59:30 2015] Launched synth_1...
Run output will be captured here: C:/Users/mskreen.NI/OneDrive/School/EE 324/ReactionTimer/ReactionTimer.runs/synth_1/runme.log
[Thu Sep 10 11:59:30 2015] Launched impl_1...
Run output will be captured here: C:/Users/mskreen.NI/OneDrive/School/EE 324/ReactionTimer/ReactionTimer.runs/impl_1/runme.log
reset_run synth_1
launch_runs impl_1 -to_step write_bitstream -jobs 4
[Thu Sep 10 12:02:12 2015] Launched synth_1...
Run output will be captured here: C:/Users/mskreen.NI/OneDrive/School/EE 324/ReactionTimer/ReactionTimer.runs/synth_1/runme.log
[Thu Sep 10 12:02:12 2015] Launched impl_1...
Run output will be captured here: C:/Users/mskreen.NI/OneDrive/School/EE 324/ReactionTimer/ReactionTimer.runs/impl_1/runme.log
reset_run synth_1
launch_runs impl_1 -to_step write_bitstream -jobs 4
[Thu Sep 10 12:04:29 2015] Launched synth_1...
Run output will be captured here: C:/Users/mskreen.NI/OneDrive/School/EE 324/ReactionTimer/ReactionTimer.runs/synth_1/runme.log
[Thu Sep 10 12:04:29 2015] Launched impl_1...
Run output will be captured here: C:/Users/mskreen.NI/OneDrive/School/EE 324/ReactionTimer/ReactionTimer.runs/impl_1/runme.log
current_project StopWatch
reset_run synth_1
launch_runs impl_1 -to_step write_bitstream -jobs 4
[Thu Sep 10 12:04:36 2015] Launched synth_1...
Run output will be captured here: C:/Users/mskreen.NI/OneDrive/School/EE 324/StopWatch/StopWatch.runs/synth_1/runme.log
[Thu Sep 10 12:04:36 2015] Launched impl_1...
Run output will be captured here: C:/Users/mskreen.NI/OneDrive/School/EE 324/StopWatch/StopWatch.runs/impl_1/runme.log
current_project ReactionTimer
current_project StopWatch
reset_run synth_1
launch_runs impl_1 -to_step write_bitstream -jobs 4
[Thu Sep 10 12:06:53 2015] Launched synth_1...
Run output will be captured here: C:/Users/mskreen.NI/OneDrive/School/EE 324/StopWatch/StopWatch.runs/synth_1/runme.log
[Thu Sep 10 12:06:53 2015] Launched impl_1...
Run output will be captured here: C:/Users/mskreen.NI/OneDrive/School/EE 324/StopWatch/StopWatch.runs/impl_1/runme.log
current_project ReactionTimer
reset_run synth_1
launch_runs impl_1 -to_step write_bitstream -jobs 4
[Thu Sep 10 12:07:06 2015] Launched synth_1...
Run output will be captured here: C:/Users/mskreen.NI/OneDrive/School/EE 324/ReactionTimer/ReactionTimer.runs/synth_1/runme.log
[Thu Sep 10 12:07:06 2015] Launched impl_1...
Run output will be captured here: C:/Users/mskreen.NI/OneDrive/School/EE 324/ReactionTimer/ReactionTimer.runs/impl_1/runme.log
current_project StopWatch
import_files -fileset constrs_1 {{C:/Users/mskreen.NI/OneDrive/School/EE 214/Nexys4_Master.xdc}}
reset_run synth_1
launch_runs impl_1 -to_step write_bitstream -jobs 4
[Thu Sep 10 12:12:14 2015] Launched synth_1...
Run output will be captured here: C:/Users/mskreen.NI/OneDrive/School/EE 324/StopWatch/StopWatch.runs/synth_1/runme.log
[Thu Sep 10 12:12:14 2015] Launched impl_1...
Run output will be captured here: C:/Users/mskreen.NI/OneDrive/School/EE 324/StopWatch/StopWatch.runs/impl_1/runme.log
reset_run synth_1
launch_runs impl_1 -to_step write_bitstream -jobs 4
[Thu Sep 10 12:14:35 2015] Launched synth_1...
Run output will be captured here: C:/Users/mskreen.NI/OneDrive/School/EE 324/StopWatch/StopWatch.runs/synth_1/runme.log
[Thu Sep 10 12:14:35 2015] Launched impl_1...
Run output will be captured here: C:/Users/mskreen.NI/OneDrive/School/EE 324/StopWatch/StopWatch.runs/impl_1/runme.log
current_project ReactionTimer
reset_run synth_1
launch_runs impl_1 -to_step write_bitstream -jobs 4
[Thu Sep 10 12:15:20 2015] Launched synth_1...
Run output will be captured here: C:/Users/mskreen.NI/OneDrive/School/EE 324/ReactionTimer/ReactionTimer.runs/synth_1/runme.log
[Thu Sep 10 12:15:20 2015] Launched impl_1...
Run output will be captured here: C:/Users/mskreen.NI/OneDrive/School/EE 324/ReactionTimer/ReactionTimer.runs/impl_1/runme.log
current_project StopWatch
reset_run synth_1
launch_runs impl_1 -to_step write_bitstream -jobs 4
[Thu Sep 10 12:16:55 2015] Launched synth_1...
Run output will be captured here: C:/Users/mskreen.NI/OneDrive/School/EE 324/StopWatch/StopWatch.runs/synth_1/runme.log
[Thu Sep 10 12:16:55 2015] Launched impl_1...
Run output will be captured here: C:/Users/mskreen.NI/OneDrive/School/EE 324/StopWatch/StopWatch.runs/impl_1/runme.log
current_project ReactionTimer
reset_run synth_1
launch_runs impl_1 -to_step write_bitstream -jobs 4
[Thu Sep 10 12:21:37 2015] Launched synth_1...
Run output will be captured here: C:/Users/mskreen.NI/OneDrive/School/EE 324/ReactionTimer/ReactionTimer.runs/synth_1/runme.log
[Thu Sep 10 12:21:37 2015] Launched impl_1...
Run output will be captured here: C:/Users/mskreen.NI/OneDrive/School/EE 324/ReactionTimer/ReactionTimer.runs/impl_1/runme.log
current_project StopWatch
reset_run impl_1 -prev_step 
launch_runs impl_1 -to_step write_bitstream -jobs 4
WARNING: [Vivado 12-872] Run step 'Design Initialization' is out-of-date.
[Thu Sep 10 16:17:47 2015] Launched impl_1...
Run output will be captured here: C:/Users/mskreen.NI/OneDrive/School/EE 324/StopWatch/StopWatch.runs/impl_1/runme.log
reset_run synth_1
launch_runs impl_1 -to_step write_bitstream -jobs 4
[Thu Sep 10 16:19:25 2015] Launched synth_1...
Run output will be captured here: C:/Users/mskreen.NI/OneDrive/School/EE 324/StopWatch/StopWatch.runs/synth_1/runme.log
[Thu Sep 10 16:19:25 2015] Launched impl_1...
Run output will be captured here: C:/Users/mskreen.NI/OneDrive/School/EE 324/StopWatch/StopWatch.runs/impl_1/runme.log
reset_run impl_1 -prev_step 
launch_runs impl_1 -to_step write_bitstream -jobs 4
WARNING: [Vivado 12-872] Run step 'Design Initialization' is out-of-date.
[Thu Sep 10 16:26:35 2015] Launched impl_1...
Run output will be captured here: C:/Users/mskreen.NI/OneDrive/School/EE 324/StopWatch/StopWatch.runs/impl_1/runme.log
reset_run synth_1
launch_runs impl_1 -to_step write_bitstream -jobs 4
[Thu Sep 10 16:28:09 2015] Launched synth_1...
Run output will be captured here: C:/Users/mskreen.NI/OneDrive/School/EE 324/StopWatch/StopWatch.runs/synth_1/runme.log
[Thu Sep 10 16:28:09 2015] Launched impl_1...
Run output will be captured here: C:/Users/mskreen.NI/OneDrive/School/EE 324/StopWatch/StopWatch.runs/impl_1/runme.log
remove_files -fileset constrs_1 {{C:/Users/mskreen.NI/OneDrive/School/EE 324/StopWatch/StopWatch.srcs/constrs_1/imports/EE 214/Nexys4_Master.xdc}}
file delete -force {C:/Users/mskreen.NI/OneDrive/School/EE 324/StopWatch/StopWatch.srcs/constrs_1/imports/EE 214/Nexys4_Master.xdc}
add_files -fileset constrs_1 -norecurse {{C:/Users/mskreen.NI/OneDrive/School/EE 214/Nexys4_Master.xdc}}
import_files -fileset constrs_1 {{C:/Users/mskreen.NI/OneDrive/School/EE 214/Nexys4_Master.xdc}}
reset_run synth_1
launch_runs impl_1 -to_step write_bitstream -jobs 4
[Thu Sep 10 16:32:46 2015] Launched synth_1...
Run output will be captured here: C:/Users/mskreen.NI/OneDrive/School/EE 324/StopWatch/StopWatch.runs/synth_1/runme.log
[Thu Sep 10 16:32:46 2015] Launched impl_1...
Run output will be captured here: C:/Users/mskreen.NI/OneDrive/School/EE 324/StopWatch/StopWatch.runs/impl_1/runme.log
reset_run synth_1
launch_runs impl_1 -to_step write_bitstream -jobs 4
[Thu Sep 10 16:34:32 2015] Launched synth_1...
Run output will be captured here: C:/Users/mskreen.NI/OneDrive/School/EE 324/StopWatch/StopWatch.runs/synth_1/runme.log
[Thu Sep 10 16:34:32 2015] Launched impl_1...
Run output will be captured here: C:/Users/mskreen.NI/OneDrive/School/EE 324/StopWatch/StopWatch.runs/impl_1/runme.log
current_project ReactionTimer
reset_run synth_1
launch_runs impl_1 -to_step write_bitstream -jobs 4
[Thu Sep 10 16:36:27 2015] Launched synth_1...
Run output will be captured here: C:/Users/mskreen.NI/OneDrive/School/EE 324/ReactionTimer/ReactionTimer.runs/synth_1/runme.log
[Thu Sep 10 16:36:27 2015] Launched impl_1...
Run output will be captured here: C:/Users/mskreen.NI/OneDrive/School/EE 324/ReactionTimer/ReactionTimer.runs/impl_1/runme.log
current_project StopWatch
reset_run synth_1
launch_runs impl_1 -to_step write_bitstream -jobs 4
[Thu Sep 10 16:36:49 2015] Launched synth_1...
Run output will be captured here: C:/Users/mskreen.NI/OneDrive/School/EE 324/StopWatch/StopWatch.runs/synth_1/runme.log
[Thu Sep 10 16:36:49 2015] Launched impl_1...
Run output will be captured here: C:/Users/mskreen.NI/OneDrive/School/EE 324/StopWatch/StopWatch.runs/impl_1/runme.log
current_project ReactionTimer
reset_run synth_1
launch_runs impl_1 -to_step write_bitstream -jobs 4
[Thu Sep 10 16:40:30 2015] Launched synth_1...
Run output will be captured here: C:/Users/mskreen.NI/OneDrive/School/EE 324/ReactionTimer/ReactionTimer.runs/synth_1/runme.log
[Thu Sep 10 16:40:30 2015] Launched impl_1...
Run output will be captured here: C:/Users/mskreen.NI/OneDrive/School/EE 324/ReactionTimer/ReactionTimer.runs/impl_1/runme.log
current_project StopWatch
reset_run synth_1
launch_runs impl_1 -to_step write_bitstream -jobs 4
[Thu Sep 10 16:41:31 2015] Launched synth_1...
Run output will be captured here: C:/Users/mskreen.NI/OneDrive/School/EE 324/StopWatch/StopWatch.runs/synth_1/runme.log
[Thu Sep 10 16:41:31 2015] Launched impl_1...
Run output will be captured here: C:/Users/mskreen.NI/OneDrive/School/EE 324/StopWatch/StopWatch.runs/impl_1/runme.log
reset_run synth_1
launch_runs impl_1 -to_step write_bitstream -jobs 4
[Thu Sep 10 16:42:12 2015] Launched synth_1...
Run output will be captured here: C:/Users/mskreen.NI/OneDrive/School/EE 324/StopWatch/StopWatch.runs/synth_1/runme.log
[Thu Sep 10 16:42:12 2015] Launched impl_1...
Run output will be captured here: C:/Users/mskreen.NI/OneDrive/School/EE 324/StopWatch/StopWatch.runs/impl_1/runme.log
reset_run impl_1 -prev_step 
launch_runs impl_1 -to_step write_bitstream -jobs 4
WARNING: [Vivado 12-872] Run step 'Design Initialization' is out-of-date.
[Thu Sep 10 16:46:14 2015] Launched impl_1...
Run output will be captured here: C:/Users/mskreen.NI/OneDrive/School/EE 324/StopWatch/StopWatch.runs/impl_1/runme.log
reset_run synth_1
launch_runs impl_1 -to_step write_bitstream -jobs 4
[Thu Sep 10 16:46:58 2015] Launched synth_1...
Run output will be captured here: C:/Users/mskreen.NI/OneDrive/School/EE 324/StopWatch/StopWatch.runs/synth_1/runme.log
[Thu Sep 10 16:46:58 2015] Launched impl_1...
Run output will be captured here: C:/Users/mskreen.NI/OneDrive/School/EE 324/StopWatch/StopWatch.runs/impl_1/runme.log
reset_run synth_1
launch_runs impl_1 -to_step write_bitstream -jobs 4
[Thu Sep 10 16:50:27 2015] Launched synth_1...
Run output will be captured here: C:/Users/mskreen.NI/OneDrive/School/EE 324/StopWatch/StopWatch.runs/synth_1/runme.log
[Thu Sep 10 16:50:27 2015] Launched impl_1...
Run output will be captured here: C:/Users/mskreen.NI/OneDrive/School/EE 324/StopWatch/StopWatch.runs/impl_1/runme.log
current_project ReactionTimer
reset_run synth_1
launch_runs impl_1 -to_step write_bitstream -jobs 4
[Thu Sep 10 16:52:03 2015] Launched synth_1...
Run output will be captured here: C:/Users/mskreen.NI/OneDrive/School/EE 324/ReactionTimer/ReactionTimer.runs/synth_1/runme.log
[Thu Sep 10 16:52:03 2015] Launched impl_1...
Run output will be captured here: C:/Users/mskreen.NI/OneDrive/School/EE 324/ReactionTimer/ReactionTimer.runs/impl_1/runme.log
current_project StopWatch
reset_run synth_1
launch_runs impl_1 -to_step write_bitstream -jobs 4
[Thu Sep 10 16:59:23 2015] Launched synth_1...
Run output will be captured here: C:/Users/mskreen.NI/OneDrive/School/EE 324/StopWatch/StopWatch.runs/synth_1/runme.log
[Thu Sep 10 16:59:23 2015] Launched impl_1...
Run output will be captured here: C:/Users/mskreen.NI/OneDrive/School/EE 324/StopWatch/StopWatch.runs/impl_1/runme.log
current_project ReactionTimer
reset_run synth_1
launch_runs impl_1 -to_step write_bitstream -jobs 4
[Thu Sep 10 17:03:15 2015] Launched synth_1...
Run output will be captured here: C:/Users/mskreen.NI/OneDrive/School/EE 324/ReactionTimer/ReactionTimer.runs/synth_1/runme.log
[Thu Sep 10 17:03:15 2015] Launched impl_1...
Run output will be captured here: C:/Users/mskreen.NI/OneDrive/School/EE 324/ReactionTimer/ReactionTimer.runs/impl_1/runme.log
current_project StopWatch
reset_run impl_1
launch_runs impl_1 -to_step write_bitstream -jobs 4
[Thu Sep 10 17:06:54 2015] Launched impl_1...
Run output will be captured here: C:/Users/mskreen.NI/OneDrive/School/EE 324/StopWatch/StopWatch.runs/impl_1/runme.log
reset_run synth_1
launch_runs impl_1 -to_step write_bitstream -jobs 4
[Thu Sep 10 17:08:51 2015] Launched synth_1...
Run output will be captured here: C:/Users/mskreen.NI/OneDrive/School/EE 324/StopWatch/StopWatch.runs/synth_1/runme.log
[Thu Sep 10 17:08:51 2015] Launched impl_1...
Run output will be captured here: C:/Users/mskreen.NI/OneDrive/School/EE 324/StopWatch/StopWatch.runs/impl_1/runme.log
reset_run synth_1
launch_runs impl_1 -to_step write_bitstream -jobs 4
[Thu Sep 10 17:11:12 2015] Launched synth_1...
Run output will be captured here: C:/Users/mskreen.NI/OneDrive/School/EE 324/StopWatch/StopWatch.runs/synth_1/runme.log
[Thu Sep 10 17:11:12 2015] Launched impl_1...
Run output will be captured here: C:/Users/mskreen.NI/OneDrive/School/EE 324/StopWatch/StopWatch.runs/impl_1/runme.log
reset_run synth_1
launch_runs impl_1 -to_step write_bitstream -jobs 4
[Thu Sep 10 17:15:21 2015] Launched synth_1...
Run output will be captured here: C:/Users/mskreen.NI/OneDrive/School/EE 324/StopWatch/StopWatch.runs/synth_1/runme.log
[Thu Sep 10 17:15:21 2015] Launched impl_1...
Run output will be captured here: C:/Users/mskreen.NI/OneDrive/School/EE 324/StopWatch/StopWatch.runs/impl_1/runme.log
current_project ReactionTimer
reset_run synth_1
launch_runs impl_1 -to_step write_bitstream -jobs 4
[Thu Sep 10 17:16:31 2015] Launched synth_1...
Run output will be captured here: C:/Users/mskreen.NI/OneDrive/School/EE 324/ReactionTimer/ReactionTimer.runs/synth_1/runme.log
[Thu Sep 10 17:16:31 2015] Launched impl_1...
Run output will be captured here: C:/Users/mskreen.NI/OneDrive/School/EE 324/ReactionTimer/ReactionTimer.runs/impl_1/runme.log
current_project StopWatch
reset_run synth_1
launch_runs impl_1 -to_step write_bitstream -jobs 4
[Thu Sep 10 17:23:16 2015] Launched synth_1...
Run output will be captured here: C:/Users/mskreen.NI/OneDrive/School/EE 324/StopWatch/StopWatch.runs/synth_1/runme.log
[Thu Sep 10 17:23:16 2015] Launched impl_1...
Run output will be captured here: C:/Users/mskreen.NI/OneDrive/School/EE 324/StopWatch/StopWatch.runs/impl_1/runme.log
reset_run synth_1
launch_runs impl_1 -to_step write_bitstream -jobs 4
[Thu Sep 10 17:23:19 2015] Launched synth_1...
Run output will be captured here: C:/Users/mskreen.NI/OneDrive/School/EE 324/StopWatch/StopWatch.runs/synth_1/runme.log
[Thu Sep 10 17:23:19 2015] Launched impl_1...
Run output will be captured here: C:/Users/mskreen.NI/OneDrive/School/EE 324/StopWatch/StopWatch.runs/impl_1/runme.log
reset_run synth_1
launch_runs impl_1 -to_step write_bitstream -jobs 4
[Thu Sep 10 17:34:25 2015] Launched synth_1...
Run output will be captured here: C:/Users/mskreen.NI/OneDrive/School/EE 324/StopWatch/StopWatch.runs/synth_1/runme.log
[Thu Sep 10 17:34:25 2015] Launched impl_1...
Run output will be captured here: C:/Users/mskreen.NI/OneDrive/School/EE 324/StopWatch/StopWatch.runs/impl_1/runme.log
reset_run impl_1 -noclean_dir 
reset_run synth_1
launch_runs impl_1 -to_step write_bitstream -jobs 4
[Thu Sep 10 17:35:13 2015] Launched synth_1...
Run output will be captured here: C:/Users/mskreen.NI/OneDrive/School/EE 324/StopWatch/StopWatch.runs/synth_1/runme.log
[Thu Sep 10 17:35:13 2015] Launched impl_1...
Run output will be captured here: C:/Users/mskreen.NI/OneDrive/School/EE 324/StopWatch/StopWatch.runs/impl_1/runme.log
reset_run synth_1
launch_runs impl_1 -to_step write_bitstream -jobs 4
[Thu Sep 10 17:37:56 2015] Launched synth_1...
Run output will be captured here: C:/Users/mskreen.NI/OneDrive/School/EE 324/StopWatch/StopWatch.runs/synth_1/runme.log
[Thu Sep 10 17:37:56 2015] Launched impl_1...
Run output will be captured here: C:/Users/mskreen.NI/OneDrive/School/EE 324/StopWatch/StopWatch.runs/impl_1/runme.log
reset_run synth_1
launch_runs impl_1 -to_step write_bitstream -jobs 4
[Thu Sep 10 17:41:09 2015] Launched synth_1...
Run output will be captured here: C:/Users/mskreen.NI/OneDrive/School/EE 324/StopWatch/StopWatch.runs/synth_1/runme.log
[Thu Sep 10 17:41:09 2015] Launched impl_1...
Run output will be captured here: C:/Users/mskreen.NI/OneDrive/School/EE 324/StopWatch/StopWatch.runs/impl_1/runme.log
reset_run synth_1
launch_runs synth_1 -jobs 4
INFO: [HDL 9-2216] Analyzing Verilog file "C:/Users/mskreen.NI/OneDrive/School/EE 324/StopWatch/StopWatch.srcs/sources_1/new/FourDigitCount.v" into library work [C:/Users/mskreen.NI/OneDrive/School/EE 324/StopWatch/StopWatch.srcs/sources_1/new/FourDigitCount.v:1]
INFO: [HDL 9-2216] Analyzing Verilog file "C:/Users/mskreen.NI/OneDrive/School/EE 324/StopWatch/StopWatch.srcs/sources_1/new/Wrapper.v" into library work [C:/Users/mskreen.NI/OneDrive/School/EE 324/StopWatch/StopWatch.srcs/sources_1/new/Wrapper.v:1]
INFO: [HDL 9-2216] Analyzing Verilog file "C:/Users/mskreen.NI/OneDrive/School/EE 324/StopWatch/StopWatch.srcs/sources_1/new/clkDiv.v" into library work [C:/Users/mskreen.NI/OneDrive/School/EE 324/StopWatch/StopWatch.srcs/sources_1/new/clkDiv.v:1]
INFO: [HDL 9-2216] Analyzing Verilog file "C:/Users/mskreen.NI/OneDrive/School/EE 324/StopWatch/StopWatch.srcs/sources_1/new/digitCount.v" into library work [C:/Users/mskreen.NI/OneDrive/School/EE 324/StopWatch/StopWatch.srcs/sources_1/new/digitCount.v:1]
[Thu Sep 10 17:47:16 2015] Launched synth_1...
Run output will be captured here: C:/Users/mskreen.NI/OneDrive/School/EE 324/StopWatch/StopWatch.runs/synth_1/runme.log
launch_runs impl_1 -jobs 4
[Thu Sep 10 17:47:46 2015] Launched impl_1...
Run output will be captured here: C:/Users/mskreen.NI/OneDrive/School/EE 324/StopWatch/StopWatch.runs/impl_1/runme.log
launch_runs impl_1 -to_step write_bitstream -jobs 4
[Thu Sep 10 17:48:45 2015] Launched impl_1...
Run output will be captured here: C:/Users/mskreen.NI/OneDrive/School/EE 324/StopWatch/StopWatch.runs/impl_1/runme.log
file mkdir C:/Users/mskreen.NI/OneDrive/School/EE 324/StopWatch/StopWatch.srcs/sim_1/new
can't create directory "C:/Users/mskreen.NI/OneDrive/School/EE": file already exists
file mkdir C:/Users/mskreen.NI/OneDrive/School/EE 324/StopWatch/StopWatch.srcs/sim_1/new
can't create directory "C:/Users/mskreen.NI/OneDrive/School/EE": file already exists
file mkdir C:/Users/mskreen.NI/OneDrive/School/EE 324/StopWatch/StopWatch.srcs/sim_1/new
can't create directory "C:/Users/mskreen.NI/OneDrive/School/EE": file already exists
file mkdir C:/Users/mskreen.NI/OneDrive/School/EE 324/StopWatch/StopWatch.srcs/sim_1/new
can't create directory "C:/Users/mskreen.NI/OneDrive/School/EE": file already exists
file mkdir C:/Users/mskreen.NI/OneDrive/School/EE 324/StopWatch/StopWatch.srcs/sim_1/new
can't create directory "C:/Users/mskreen.NI/OneDrive/School/EE": file already exists
set_property SOURCE_SET sources_1 [get_filesets sim_1]
file mkdir C:/Users/mskreen.NI/OneDrive/School/EE 324/StopWatch/StopWatch.srcs/sim_1/new
can't create directory "C:/Users/mskreen.NI/OneDrive/School/EE": file already exists
file mkdir {C:/Users/mskreen.NI/OneDrive/School/EE 324/StopWatch/StopWatch.srcs/sim_1/new}
close [ open {C:/Users/mskreen.NI/OneDrive/School/EE 324/StopWatch/StopWatch.srcs/sim_1/new/top_test.v} w ]
add_files -fileset sim_1 {{C:/Users/mskreen.NI/OneDrive/School/EE 324/StopWatch/StopWatch.srcs/sim_1/new/top_test.v}}
update_compile_order -fileset sim_1
reset_run synth_1
launch_runs impl_1 -to_step write_bitstream -jobs 4
[Thu Sep 10 17:56:47 2015] Launched synth_1...
Run output will be captured here: C:/Users/mskreen.NI/OneDrive/School/EE 324/StopWatch/StopWatch.runs/synth_1/runme.log
[Thu Sep 10 17:56:47 2015] Launched impl_1...
Run output will be captured here: C:/Users/mskreen.NI/OneDrive/School/EE 324/StopWatch/StopWatch.runs/impl_1/runme.log
